{
  "/Users/aaronross/code/watchlist/remix.config.js": {
    "path": "/Users/aaronross/code/watchlist/remix.config.js",
    "statementMap": {},
    "fnMap": {},
    "branchMap": {},
    "s": {},
    "f": {},
    "b": {}
  },
  "/Users/aaronross/code/watchlist/tailwind.config.js": {
    "path": "/Users/aaronross/code/watchlist/tailwind.config.js",
    "statementMap": {},
    "fnMap": {},
    "branchMap": {},
    "s": {},
    "f": {},
    "b": {}
  },
  "/Users/aaronross/code/watchlist/build/index.js": {
    "path": "/Users/aaronross/code/watchlist/build/index.js",
    "statementMap": {},
    "fnMap": {},
    "branchMap": {},
    "s": {},
    "f": {},
    "b": {}
  },
  "/Users/aaronross/code/watchlist/coverage/block-navigation.js": {
    "path": "/Users/aaronross/code/watchlist/coverage/block-navigation.js",
    "statementMap": {},
    "fnMap": {},
    "branchMap": {},
    "s": {},
    "f": {},
    "b": {}
  },
  "/Users/aaronross/code/watchlist/coverage/prettify.js": {
    "path": "/Users/aaronross/code/watchlist/coverage/prettify.js",
    "statementMap": {},
    "fnMap": {},
    "branchMap": {},
    "s": {},
    "f": {},
    "b": {}
  },
  "/Users/aaronross/code/watchlist/coverage/sorter.js": {
    "path": "/Users/aaronross/code/watchlist/coverage/sorter.js",
    "statementMap": {},
    "fnMap": {},
    "branchMap": {},
    "s": {},
    "f": {},
    "b": {}
  },
  "/Users/aaronross/code/watchlist/mocks/index.js": {
    "path": "/Users/aaronross/code/watchlist/mocks/index.js",
    "statementMap": {},
    "fnMap": {},
    "branchMap": {},
    "s": {},
    "f": {},
    "b": {}
  },
  "/Users/aaronross/code/watchlist/remix.init/index.js": {
    "path": "/Users/aaronross/code/watchlist/remix.init/index.js",
    "statementMap": {},
    "fnMap": {},
    "branchMap": {},
    "s": {},
    "f": {},
    "b": {}
  },
  "/Users/aaronross/code/watchlist/coverage/lcov-report/block-navigation.js": {
    "path": "/Users/aaronross/code/watchlist/coverage/lcov-report/block-navigation.js",
    "statementMap": {},
    "fnMap": {},
    "branchMap": {},
    "s": {},
    "f": {},
    "b": {}
  },
  "/Users/aaronross/code/watchlist/coverage/lcov-report/prettify.js": {
    "path": "/Users/aaronross/code/watchlist/coverage/lcov-report/prettify.js",
    "statementMap": {},
    "fnMap": {},
    "branchMap": {},
    "s": {},
    "f": {},
    "b": {}
  },
  "/Users/aaronross/code/watchlist/coverage/lcov-report/sorter.js": {
    "path": "/Users/aaronross/code/watchlist/coverage/lcov-report/sorter.js",
    "statementMap": {},
    "fnMap": {},
    "branchMap": {},
    "s": {},
    "f": {},
    "b": {}
  },
  "/Users/aaronross/code/watchlist/public/build/entry.client-2E7S6Q63.js": {
    "path": "/Users/aaronross/code/watchlist/public/build/entry.client-2E7S6Q63.js",
    "statementMap": {},
    "fnMap": {},
    "branchMap": {},
    "s": {},
    "f": {},
    "b": {}
  },
  "/Users/aaronross/code/watchlist/public/build/entry.client-2R5O62GY.js": {
    "path": "/Users/aaronross/code/watchlist/public/build/entry.client-2R5O62GY.js",
    "statementMap": {},
    "fnMap": {},
    "branchMap": {},
    "s": {},
    "f": {},
    "b": {}
  },
  "/Users/aaronross/code/watchlist/public/build/entry.client-35WKIXA6.js": {
    "path": "/Users/aaronross/code/watchlist/public/build/entry.client-35WKIXA6.js",
    "statementMap": {},
    "fnMap": {},
    "branchMap": {},
    "s": {},
    "f": {},
    "b": {}
  },
  "/Users/aaronross/code/watchlist/public/build/entry.client-62FCJB7S.js": {
    "path": "/Users/aaronross/code/watchlist/public/build/entry.client-62FCJB7S.js",
    "statementMap": {},
    "fnMap": {},
    "branchMap": {},
    "s": {},
    "f": {},
    "b": {}
  },
  "/Users/aaronross/code/watchlist/public/build/entry.client-6FVKKMT6.js": {
    "path": "/Users/aaronross/code/watchlist/public/build/entry.client-6FVKKMT6.js",
    "statementMap": {},
    "fnMap": {},
    "branchMap": {},
    "s": {},
    "f": {},
    "b": {}
  },
  "/Users/aaronross/code/watchlist/public/build/entry.client-7EBBPFWE.js": {
    "path": "/Users/aaronross/code/watchlist/public/build/entry.client-7EBBPFWE.js",
    "statementMap": {},
    "fnMap": {},
    "branchMap": {},
    "s": {},
    "f": {},
    "b": {}
  },
  "/Users/aaronross/code/watchlist/public/build/entry.client-7JC6JJEY.js": {
    "path": "/Users/aaronross/code/watchlist/public/build/entry.client-7JC6JJEY.js",
    "statementMap": {},
    "fnMap": {},
    "branchMap": {},
    "s": {},
    "f": {},
    "b": {}
  },
  "/Users/aaronross/code/watchlist/public/build/entry.client-AYPVMNAL.js": {
    "path": "/Users/aaronross/code/watchlist/public/build/entry.client-AYPVMNAL.js",
    "statementMap": {},
    "fnMap": {},
    "branchMap": {},
    "s": {},
    "f": {},
    "b": {}
  },
  "/Users/aaronross/code/watchlist/public/build/entry.client-B3TLMZMK.js": {
    "path": "/Users/aaronross/code/watchlist/public/build/entry.client-B3TLMZMK.js",
    "statementMap": {},
    "fnMap": {},
    "branchMap": {},
    "s": {},
    "f": {},
    "b": {}
  },
  "/Users/aaronross/code/watchlist/public/build/entry.client-BEGX6PDU.js": {
    "path": "/Users/aaronross/code/watchlist/public/build/entry.client-BEGX6PDU.js",
    "statementMap": {},
    "fnMap": {},
    "branchMap": {},
    "s": {},
    "f": {},
    "b": {}
  },
  "/Users/aaronross/code/watchlist/public/build/entry.client-BF7FDLFO.js": {
    "path": "/Users/aaronross/code/watchlist/public/build/entry.client-BF7FDLFO.js",
    "statementMap": {},
    "fnMap": {},
    "branchMap": {},
    "s": {},
    "f": {},
    "b": {}
  },
  "/Users/aaronross/code/watchlist/public/build/entry.client-C22DWS47.js": {
    "path": "/Users/aaronross/code/watchlist/public/build/entry.client-C22DWS47.js",
    "statementMap": {},
    "fnMap": {},
    "branchMap": {},
    "s": {},
    "f": {},
    "b": {}
  },
  "/Users/aaronross/code/watchlist/public/build/entry.client-DMK7WHRV.js": {
    "path": "/Users/aaronross/code/watchlist/public/build/entry.client-DMK7WHRV.js",
    "statementMap": {},
    "fnMap": {},
    "branchMap": {},
    "s": {},
    "f": {},
    "b": {}
  },
  "/Users/aaronross/code/watchlist/public/build/entry.client-FTSWNKH3.js": {
    "path": "/Users/aaronross/code/watchlist/public/build/entry.client-FTSWNKH3.js",
    "statementMap": {},
    "fnMap": {},
    "branchMap": {},
    "s": {},
    "f": {},
    "b": {}
  },
  "/Users/aaronross/code/watchlist/public/build/entry.client-G2IYCP7H.js": {
    "path": "/Users/aaronross/code/watchlist/public/build/entry.client-G2IYCP7H.js",
    "statementMap": {},
    "fnMap": {},
    "branchMap": {},
    "s": {},
    "f": {},
    "b": {}
  },
  "/Users/aaronross/code/watchlist/public/build/entry.client-G2YIFVWN.js": {
    "path": "/Users/aaronross/code/watchlist/public/build/entry.client-G2YIFVWN.js",
    "statementMap": {},
    "fnMap": {},
    "branchMap": {},
    "s": {},
    "f": {},
    "b": {}
  },
  "/Users/aaronross/code/watchlist/public/build/entry.client-HPNQTZJE.js": {
    "path": "/Users/aaronross/code/watchlist/public/build/entry.client-HPNQTZJE.js",
    "statementMap": {},
    "fnMap": {},
    "branchMap": {},
    "s": {},
    "f": {},
    "b": {}
  },
  "/Users/aaronross/code/watchlist/public/build/entry.client-HZGE5NZ2.js": {
    "path": "/Users/aaronross/code/watchlist/public/build/entry.client-HZGE5NZ2.js",
    "statementMap": {},
    "fnMap": {},
    "branchMap": {},
    "s": {},
    "f": {},
    "b": {}
  },
  "/Users/aaronross/code/watchlist/public/build/entry.client-JXFE6QVD.js": {
    "path": "/Users/aaronross/code/watchlist/public/build/entry.client-JXFE6QVD.js",
    "statementMap": {},
    "fnMap": {},
    "branchMap": {},
    "s": {},
    "f": {},
    "b": {}
  },
  "/Users/aaronross/code/watchlist/public/build/entry.client-KRBG4GQD.js": {
    "path": "/Users/aaronross/code/watchlist/public/build/entry.client-KRBG4GQD.js",
    "statementMap": {},
    "fnMap": {},
    "branchMap": {},
    "s": {},
    "f": {},
    "b": {}
  },
  "/Users/aaronross/code/watchlist/public/build/entry.client-KV5L633S.js": {
    "path": "/Users/aaronross/code/watchlist/public/build/entry.client-KV5L633S.js",
    "statementMap": {},
    "fnMap": {},
    "branchMap": {},
    "s": {},
    "f": {},
    "b": {}
  },
  "/Users/aaronross/code/watchlist/public/build/entry.client-LO7S3NQ4.js": {
    "path": "/Users/aaronross/code/watchlist/public/build/entry.client-LO7S3NQ4.js",
    "statementMap": {},
    "fnMap": {},
    "branchMap": {},
    "s": {},
    "f": {},
    "b": {}
  },
  "/Users/aaronross/code/watchlist/public/build/entry.client-LW6GKB5V.js": {
    "path": "/Users/aaronross/code/watchlist/public/build/entry.client-LW6GKB5V.js",
    "statementMap": {},
    "fnMap": {},
    "branchMap": {},
    "s": {},
    "f": {},
    "b": {}
  },
  "/Users/aaronross/code/watchlist/public/build/entry.client-M3EPE56A.js": {
    "path": "/Users/aaronross/code/watchlist/public/build/entry.client-M3EPE56A.js",
    "statementMap": {},
    "fnMap": {},
    "branchMap": {},
    "s": {},
    "f": {},
    "b": {}
  },
  "/Users/aaronross/code/watchlist/public/build/entry.client-M42FO6VV.js": {
    "path": "/Users/aaronross/code/watchlist/public/build/entry.client-M42FO6VV.js",
    "statementMap": {},
    "fnMap": {},
    "branchMap": {},
    "s": {},
    "f": {},
    "b": {}
  },
  "/Users/aaronross/code/watchlist/public/build/entry.client-MGSL23GH.js": {
    "path": "/Users/aaronross/code/watchlist/public/build/entry.client-MGSL23GH.js",
    "statementMap": {},
    "fnMap": {},
    "branchMap": {},
    "s": {},
    "f": {},
    "b": {}
  },
  "/Users/aaronross/code/watchlist/public/build/entry.client-MY4JZ4DH.js": {
    "path": "/Users/aaronross/code/watchlist/public/build/entry.client-MY4JZ4DH.js",
    "statementMap": {},
    "fnMap": {},
    "branchMap": {},
    "s": {},
    "f": {},
    "b": {}
  },
  "/Users/aaronross/code/watchlist/public/build/entry.client-NXGCSUJC.js": {
    "path": "/Users/aaronross/code/watchlist/public/build/entry.client-NXGCSUJC.js",
    "statementMap": {},
    "fnMap": {},
    "branchMap": {},
    "s": {},
    "f": {},
    "b": {}
  },
  "/Users/aaronross/code/watchlist/public/build/entry.client-P27TFCO4.js": {
    "path": "/Users/aaronross/code/watchlist/public/build/entry.client-P27TFCO4.js",
    "statementMap": {},
    "fnMap": {},
    "branchMap": {},
    "s": {},
    "f": {},
    "b": {}
  },
  "/Users/aaronross/code/watchlist/public/build/entry.client-PCIDRXGF.js": {
    "path": "/Users/aaronross/code/watchlist/public/build/entry.client-PCIDRXGF.js",
    "statementMap": {},
    "fnMap": {},
    "branchMap": {},
    "s": {},
    "f": {},
    "b": {}
  },
  "/Users/aaronross/code/watchlist/public/build/entry.client-POOOVA7L.js": {
    "path": "/Users/aaronross/code/watchlist/public/build/entry.client-POOOVA7L.js",
    "statementMap": {},
    "fnMap": {},
    "branchMap": {},
    "s": {},
    "f": {},
    "b": {}
  },
  "/Users/aaronross/code/watchlist/public/build/entry.client-QPIW2BTL.js": {
    "path": "/Users/aaronross/code/watchlist/public/build/entry.client-QPIW2BTL.js",
    "statementMap": {},
    "fnMap": {},
    "branchMap": {},
    "s": {},
    "f": {},
    "b": {}
  },
  "/Users/aaronross/code/watchlist/public/build/entry.client-SD4GCYMW.js": {
    "path": "/Users/aaronross/code/watchlist/public/build/entry.client-SD4GCYMW.js",
    "statementMap": {},
    "fnMap": {},
    "branchMap": {},
    "s": {},
    "f": {},
    "b": {}
  },
  "/Users/aaronross/code/watchlist/public/build/entry.client-SXGSBSQR.js": {
    "path": "/Users/aaronross/code/watchlist/public/build/entry.client-SXGSBSQR.js",
    "statementMap": {},
    "fnMap": {},
    "branchMap": {},
    "s": {},
    "f": {},
    "b": {}
  },
  "/Users/aaronross/code/watchlist/public/build/entry.client-V3H2KW32.js": {
    "path": "/Users/aaronross/code/watchlist/public/build/entry.client-V3H2KW32.js",
    "statementMap": {},
    "fnMap": {},
    "branchMap": {},
    "s": {},
    "f": {},
    "b": {}
  },
  "/Users/aaronross/code/watchlist/public/build/entry.client-V5FT24HY.js": {
    "path": "/Users/aaronross/code/watchlist/public/build/entry.client-V5FT24HY.js",
    "statementMap": {},
    "fnMap": {},
    "branchMap": {},
    "s": {},
    "f": {},
    "b": {}
  },
  "/Users/aaronross/code/watchlist/public/build/entry.client-V5MPFO5Y.js": {
    "path": "/Users/aaronross/code/watchlist/public/build/entry.client-V5MPFO5Y.js",
    "statementMap": {},
    "fnMap": {},
    "branchMap": {},
    "s": {},
    "f": {},
    "b": {}
  },
  "/Users/aaronross/code/watchlist/public/build/entry.client-V6W6P7AH.js": {
    "path": "/Users/aaronross/code/watchlist/public/build/entry.client-V6W6P7AH.js",
    "statementMap": {},
    "fnMap": {},
    "branchMap": {},
    "s": {},
    "f": {},
    "b": {}
  },
  "/Users/aaronross/code/watchlist/public/build/entry.client-VDSWG5FZ.js": {
    "path": "/Users/aaronross/code/watchlist/public/build/entry.client-VDSWG5FZ.js",
    "statementMap": {},
    "fnMap": {},
    "branchMap": {},
    "s": {},
    "f": {},
    "b": {}
  },
  "/Users/aaronross/code/watchlist/public/build/entry.client-WPXWEFXW.js": {
    "path": "/Users/aaronross/code/watchlist/public/build/entry.client-WPXWEFXW.js",
    "statementMap": {},
    "fnMap": {},
    "branchMap": {},
    "s": {},
    "f": {},
    "b": {}
  },
  "/Users/aaronross/code/watchlist/public/build/entry.client-XMWMO6B7.js": {
    "path": "/Users/aaronross/code/watchlist/public/build/entry.client-XMWMO6B7.js",
    "statementMap": {},
    "fnMap": {},
    "branchMap": {},
    "s": {},
    "f": {},
    "b": {}
  },
  "/Users/aaronross/code/watchlist/public/build/entry.client-Y6GECFK2.js": {
    "path": "/Users/aaronross/code/watchlist/public/build/entry.client-Y6GECFK2.js",
    "statementMap": {},
    "fnMap": {},
    "branchMap": {},
    "s": {},
    "f": {},
    "b": {}
  },
  "/Users/aaronross/code/watchlist/public/build/entry.client-YNWRERUK.js": {
    "path": "/Users/aaronross/code/watchlist/public/build/entry.client-YNWRERUK.js",
    "statementMap": {},
    "fnMap": {},
    "branchMap": {},
    "s": {},
    "f": {},
    "b": {}
  },
  "/Users/aaronross/code/watchlist/public/build/entry.client-YVOLLK3M.js": {
    "path": "/Users/aaronross/code/watchlist/public/build/entry.client-YVOLLK3M.js",
    "statementMap": {},
    "fnMap": {},
    "branchMap": {},
    "s": {},
    "f": {},
    "b": {}
  },
  "/Users/aaronross/code/watchlist/public/build/entry.client-Z73B3DAX.js": {
    "path": "/Users/aaronross/code/watchlist/public/build/entry.client-Z73B3DAX.js",
    "statementMap": {},
    "fnMap": {},
    "branchMap": {},
    "s": {},
    "f": {},
    "b": {}
  },
  "/Users/aaronross/code/watchlist/public/build/entry.client-ZJ3ZYF6G.js": {
    "path": "/Users/aaronross/code/watchlist/public/build/entry.client-ZJ3ZYF6G.js",
    "statementMap": {},
    "fnMap": {},
    "branchMap": {},
    "s": {},
    "f": {},
    "b": {}
  },
  "/Users/aaronross/code/watchlist/public/build/manifest-0044E0F2.js": {
    "path": "/Users/aaronross/code/watchlist/public/build/manifest-0044E0F2.js",
    "statementMap": {},
    "fnMap": {},
    "branchMap": {},
    "s": {},
    "f": {},
    "b": {}
  },
  "/Users/aaronross/code/watchlist/public/build/manifest-0046E1F2.js": {
    "path": "/Users/aaronross/code/watchlist/public/build/manifest-0046E1F2.js",
    "statementMap": {},
    "fnMap": {},
    "branchMap": {},
    "s": {},
    "f": {},
    "b": {}
  },
  "/Users/aaronross/code/watchlist/public/build/manifest-009889F4.js": {
    "path": "/Users/aaronross/code/watchlist/public/build/manifest-009889F4.js",
    "statementMap": {},
    "fnMap": {},
    "branchMap": {},
    "s": {},
    "f": {},
    "b": {}
  },
  "/Users/aaronross/code/watchlist/public/build/manifest-00F07482.js": {
    "path": "/Users/aaronross/code/watchlist/public/build/manifest-00F07482.js",
    "statementMap": {},
    "fnMap": {},
    "branchMap": {},
    "s": {},
    "f": {},
    "b": {}
  },
  "/Users/aaronross/code/watchlist/public/build/manifest-00FC4A93.js": {
    "path": "/Users/aaronross/code/watchlist/public/build/manifest-00FC4A93.js",
    "statementMap": {},
    "fnMap": {},
    "branchMap": {},
    "s": {},
    "f": {},
    "b": {}
  },
  "/Users/aaronross/code/watchlist/public/build/manifest-012C75A3.js": {
    "path": "/Users/aaronross/code/watchlist/public/build/manifest-012C75A3.js",
    "statementMap": {},
    "fnMap": {},
    "branchMap": {},
    "s": {},
    "f": {},
    "b": {}
  },
  "/Users/aaronross/code/watchlist/public/build/manifest-01BA6AC0.js": {
    "path": "/Users/aaronross/code/watchlist/public/build/manifest-01BA6AC0.js",
    "statementMap": {},
    "fnMap": {},
    "branchMap": {},
    "s": {},
    "f": {},
    "b": {}
  },
  "/Users/aaronross/code/watchlist/public/build/manifest-01BF710D.js": {
    "path": "/Users/aaronross/code/watchlist/public/build/manifest-01BF710D.js",
    "statementMap": {},
    "fnMap": {},
    "branchMap": {},
    "s": {},
    "f": {},
    "b": {}
  },
  "/Users/aaronross/code/watchlist/public/build/manifest-01E15183.js": {
    "path": "/Users/aaronross/code/watchlist/public/build/manifest-01E15183.js",
    "statementMap": {},
    "fnMap": {},
    "branchMap": {},
    "s": {},
    "f": {},
    "b": {}
  },
  "/Users/aaronross/code/watchlist/public/build/manifest-02137F9E.js": {
    "path": "/Users/aaronross/code/watchlist/public/build/manifest-02137F9E.js",
    "statementMap": {},
    "fnMap": {},
    "branchMap": {},
    "s": {},
    "f": {},
    "b": {}
  },
  "/Users/aaronross/code/watchlist/public/build/manifest-024A63C0.js": {
    "path": "/Users/aaronross/code/watchlist/public/build/manifest-024A63C0.js",
    "statementMap": {},
    "fnMap": {},
    "branchMap": {},
    "s": {},
    "f": {},
    "b": {}
  },
  "/Users/aaronross/code/watchlist/public/build/manifest-02C92CF1.js": {
    "path": "/Users/aaronross/code/watchlist/public/build/manifest-02C92CF1.js",
    "statementMap": {},
    "fnMap": {},
    "branchMap": {},
    "s": {},
    "f": {},
    "b": {}
  },
  "/Users/aaronross/code/watchlist/public/build/manifest-02D03850.js": {
    "path": "/Users/aaronross/code/watchlist/public/build/manifest-02D03850.js",
    "statementMap": {},
    "fnMap": {},
    "branchMap": {},
    "s": {},
    "f": {},
    "b": {}
  },
  "/Users/aaronross/code/watchlist/public/build/manifest-02FCD804.js": {
    "path": "/Users/aaronross/code/watchlist/public/build/manifest-02FCD804.js",
    "statementMap": {},
    "fnMap": {},
    "branchMap": {},
    "s": {},
    "f": {},
    "b": {}
  },
  "/Users/aaronross/code/watchlist/public/build/manifest-03170678.js": {
    "path": "/Users/aaronross/code/watchlist/public/build/manifest-03170678.js",
    "statementMap": {},
    "fnMap": {},
    "branchMap": {},
    "s": {},
    "f": {},
    "b": {}
  },
  "/Users/aaronross/code/watchlist/public/build/manifest-03C0CAC0.js": {
    "path": "/Users/aaronross/code/watchlist/public/build/manifest-03C0CAC0.js",
    "statementMap": {},
    "fnMap": {},
    "branchMap": {},
    "s": {},
    "f": {},
    "b": {}
  },
  "/Users/aaronross/code/watchlist/public/build/manifest-045712C4.js": {
    "path": "/Users/aaronross/code/watchlist/public/build/manifest-045712C4.js",
    "statementMap": {},
    "fnMap": {},
    "branchMap": {},
    "s": {},
    "f": {},
    "b": {}
  },
  "/Users/aaronross/code/watchlist/public/build/manifest-047F5D62.js": {
    "path": "/Users/aaronross/code/watchlist/public/build/manifest-047F5D62.js",
    "statementMap": {},
    "fnMap": {},
    "branchMap": {},
    "s": {},
    "f": {},
    "b": {}
  },
  "/Users/aaronross/code/watchlist/public/build/manifest-04850A11.js": {
    "path": "/Users/aaronross/code/watchlist/public/build/manifest-04850A11.js",
    "statementMap": {},
    "fnMap": {},
    "branchMap": {},
    "s": {},
    "f": {},
    "b": {}
  },
  "/Users/aaronross/code/watchlist/public/build/manifest-048F5490.js": {
    "path": "/Users/aaronross/code/watchlist/public/build/manifest-048F5490.js",
    "statementMap": {},
    "fnMap": {},
    "branchMap": {},
    "s": {},
    "f": {},
    "b": {}
  },
  "/Users/aaronross/code/watchlist/public/build/manifest-05689CD0.js": {
    "path": "/Users/aaronross/code/watchlist/public/build/manifest-05689CD0.js",
    "statementMap": {},
    "fnMap": {},
    "branchMap": {},
    "s": {},
    "f": {},
    "b": {}
  },
  "/Users/aaronross/code/watchlist/public/build/manifest-05D08941.js": {
    "path": "/Users/aaronross/code/watchlist/public/build/manifest-05D08941.js",
    "statementMap": {},
    "fnMap": {},
    "branchMap": {},
    "s": {},
    "f": {},
    "b": {}
  },
  "/Users/aaronross/code/watchlist/public/build/manifest-05FD94AA.js": {
    "path": "/Users/aaronross/code/watchlist/public/build/manifest-05FD94AA.js",
    "statementMap": {},
    "fnMap": {},
    "branchMap": {},
    "s": {},
    "f": {},
    "b": {}
  },
  "/Users/aaronross/code/watchlist/public/build/manifest-069D2C79.js": {
    "path": "/Users/aaronross/code/watchlist/public/build/manifest-069D2C79.js",
    "statementMap": {},
    "fnMap": {},
    "branchMap": {},
    "s": {},
    "f": {},
    "b": {}
  },
  "/Users/aaronross/code/watchlist/public/build/manifest-070AC7A9.js": {
    "path": "/Users/aaronross/code/watchlist/public/build/manifest-070AC7A9.js",
    "statementMap": {},
    "fnMap": {},
    "branchMap": {},
    "s": {},
    "f": {},
    "b": {}
  },
  "/Users/aaronross/code/watchlist/public/build/manifest-074761A8.js": {
    "path": "/Users/aaronross/code/watchlist/public/build/manifest-074761A8.js",
    "statementMap": {},
    "fnMap": {},
    "branchMap": {},
    "s": {},
    "f": {},
    "b": {}
  },
  "/Users/aaronross/code/watchlist/public/build/manifest-074E6BEF.js": {
    "path": "/Users/aaronross/code/watchlist/public/build/manifest-074E6BEF.js",
    "statementMap": {},
    "fnMap": {},
    "branchMap": {},
    "s": {},
    "f": {},
    "b": {}
  },
  "/Users/aaronross/code/watchlist/public/build/manifest-078704FD.js": {
    "path": "/Users/aaronross/code/watchlist/public/build/manifest-078704FD.js",
    "statementMap": {},
    "fnMap": {},
    "branchMap": {},
    "s": {},
    "f": {},
    "b": {}
  },
  "/Users/aaronross/code/watchlist/public/build/manifest-080051C0.js": {
    "path": "/Users/aaronross/code/watchlist/public/build/manifest-080051C0.js",
    "statementMap": {},
    "fnMap": {},
    "branchMap": {},
    "s": {},
    "f": {},
    "b": {}
  },
  "/Users/aaronross/code/watchlist/public/build/manifest-082BB3EE.js": {
    "path": "/Users/aaronross/code/watchlist/public/build/manifest-082BB3EE.js",
    "statementMap": {},
    "fnMap": {},
    "branchMap": {},
    "s": {},
    "f": {},
    "b": {}
  },
  "/Users/aaronross/code/watchlist/public/build/manifest-084B26CE.js": {
    "path": "/Users/aaronross/code/watchlist/public/build/manifest-084B26CE.js",
    "statementMap": {},
    "fnMap": {},
    "branchMap": {},
    "s": {},
    "f": {},
    "b": {}
  },
  "/Users/aaronross/code/watchlist/public/build/manifest-0888EFEA.js": {
    "path": "/Users/aaronross/code/watchlist/public/build/manifest-0888EFEA.js",
    "statementMap": {},
    "fnMap": {},
    "branchMap": {},
    "s": {},
    "f": {},
    "b": {}
  },
  "/Users/aaronross/code/watchlist/public/build/manifest-08F4373A.js": {
    "path": "/Users/aaronross/code/watchlist/public/build/manifest-08F4373A.js",
    "statementMap": {},
    "fnMap": {},
    "branchMap": {},
    "s": {},
    "f": {},
    "b": {}
  },
  "/Users/aaronross/code/watchlist/public/build/manifest-0911A5F1.js": {
    "path": "/Users/aaronross/code/watchlist/public/build/manifest-0911A5F1.js",
    "statementMap": {},
    "fnMap": {},
    "branchMap": {},
    "s": {},
    "f": {},
    "b": {}
  },
  "/Users/aaronross/code/watchlist/public/build/manifest-09B09C6F.js": {
    "path": "/Users/aaronross/code/watchlist/public/build/manifest-09B09C6F.js",
    "statementMap": {},
    "fnMap": {},
    "branchMap": {},
    "s": {},
    "f": {},
    "b": {}
  },
  "/Users/aaronross/code/watchlist/public/build/manifest-09CE65EE.js": {
    "path": "/Users/aaronross/code/watchlist/public/build/manifest-09CE65EE.js",
    "statementMap": {},
    "fnMap": {},
    "branchMap": {},
    "s": {},
    "f": {},
    "b": {}
  },
  "/Users/aaronross/code/watchlist/public/build/manifest-09FAD05D.js": {
    "path": "/Users/aaronross/code/watchlist/public/build/manifest-09FAD05D.js",
    "statementMap": {},
    "fnMap": {},
    "branchMap": {},
    "s": {},
    "f": {},
    "b": {}
  },
  "/Users/aaronross/code/watchlist/public/build/manifest-0A55DA14.js": {
    "path": "/Users/aaronross/code/watchlist/public/build/manifest-0A55DA14.js",
    "statementMap": {},
    "fnMap": {},
    "branchMap": {},
    "s": {},
    "f": {},
    "b": {}
  },
  "/Users/aaronross/code/watchlist/public/build/manifest-0A5EE99F.js": {
    "path": "/Users/aaronross/code/watchlist/public/build/manifest-0A5EE99F.js",
    "statementMap": {},
    "fnMap": {},
    "branchMap": {},
    "s": {},
    "f": {},
    "b": {}
  },
  "/Users/aaronross/code/watchlist/public/build/manifest-0A608CAA.js": {
    "path": "/Users/aaronross/code/watchlist/public/build/manifest-0A608CAA.js",
    "statementMap": {},
    "fnMap": {},
    "branchMap": {},
    "s": {},
    "f": {},
    "b": {}
  },
  "/Users/aaronross/code/watchlist/public/build/manifest-0A61BAB1.js": {
    "path": "/Users/aaronross/code/watchlist/public/build/manifest-0A61BAB1.js",
    "statementMap": {},
    "fnMap": {},
    "branchMap": {},
    "s": {},
    "f": {},
    "b": {}
  },
  "/Users/aaronross/code/watchlist/public/build/manifest-0A835D7E.js": {
    "path": "/Users/aaronross/code/watchlist/public/build/manifest-0A835D7E.js",
    "statementMap": {},
    "fnMap": {},
    "branchMap": {},
    "s": {},
    "f": {},
    "b": {}
  },
  "/Users/aaronross/code/watchlist/public/build/manifest-0A8B3EC6.js": {
    "path": "/Users/aaronross/code/watchlist/public/build/manifest-0A8B3EC6.js",
    "statementMap": {},
    "fnMap": {},
    "branchMap": {},
    "s": {},
    "f": {},
    "b": {}
  },
  "/Users/aaronross/code/watchlist/public/build/manifest-0AE673A9.js": {
    "path": "/Users/aaronross/code/watchlist/public/build/manifest-0AE673A9.js",
    "statementMap": {},
    "fnMap": {},
    "branchMap": {},
    "s": {},
    "f": {},
    "b": {}
  },
  "/Users/aaronross/code/watchlist/public/build/manifest-0AFD105B.js": {
    "path": "/Users/aaronross/code/watchlist/public/build/manifest-0AFD105B.js",
    "statementMap": {},
    "fnMap": {},
    "branchMap": {},
    "s": {},
    "f": {},
    "b": {}
  },
  "/Users/aaronross/code/watchlist/public/build/manifest-0BD82075.js": {
    "path": "/Users/aaronross/code/watchlist/public/build/manifest-0BD82075.js",
    "statementMap": {},
    "fnMap": {},
    "branchMap": {},
    "s": {},
    "f": {},
    "b": {}
  },
  "/Users/aaronross/code/watchlist/public/build/manifest-0BD9572E.js": {
    "path": "/Users/aaronross/code/watchlist/public/build/manifest-0BD9572E.js",
    "statementMap": {},
    "fnMap": {},
    "branchMap": {},
    "s": {},
    "f": {},
    "b": {}
  },
  "/Users/aaronross/code/watchlist/public/build/manifest-0C0AD5F2.js": {
    "path": "/Users/aaronross/code/watchlist/public/build/manifest-0C0AD5F2.js",
    "statementMap": {},
    "fnMap": {},
    "branchMap": {},
    "s": {},
    "f": {},
    "b": {}
  },
  "/Users/aaronross/code/watchlist/public/build/manifest-0C3A304C.js": {
    "path": "/Users/aaronross/code/watchlist/public/build/manifest-0C3A304C.js",
    "statementMap": {},
    "fnMap": {},
    "branchMap": {},
    "s": {},
    "f": {},
    "b": {}
  },
  "/Users/aaronross/code/watchlist/public/build/manifest-0C7E20C7.js": {
    "path": "/Users/aaronross/code/watchlist/public/build/manifest-0C7E20C7.js",
    "statementMap": {},
    "fnMap": {},
    "branchMap": {},
    "s": {},
    "f": {},
    "b": {}
  },
  "/Users/aaronross/code/watchlist/public/build/manifest-0DD89FE4.js": {
    "path": "/Users/aaronross/code/watchlist/public/build/manifest-0DD89FE4.js",
    "statementMap": {},
    "fnMap": {},
    "branchMap": {},
    "s": {},
    "f": {},
    "b": {}
  },
  "/Users/aaronross/code/watchlist/public/build/manifest-0DF24077.js": {
    "path": "/Users/aaronross/code/watchlist/public/build/manifest-0DF24077.js",
    "statementMap": {},
    "fnMap": {},
    "branchMap": {},
    "s": {},
    "f": {},
    "b": {}
  },
  "/Users/aaronross/code/watchlist/public/build/manifest-0E1BDF61.js": {
    "path": "/Users/aaronross/code/watchlist/public/build/manifest-0E1BDF61.js",
    "statementMap": {},
    "fnMap": {},
    "branchMap": {},
    "s": {},
    "f": {},
    "b": {}
  },
  "/Users/aaronross/code/watchlist/public/build/manifest-0EAAF2E7.js": {
    "path": "/Users/aaronross/code/watchlist/public/build/manifest-0EAAF2E7.js",
    "statementMap": {},
    "fnMap": {},
    "branchMap": {},
    "s": {},
    "f": {},
    "b": {}
  },
  "/Users/aaronross/code/watchlist/public/build/manifest-0EB2F34F.js": {
    "path": "/Users/aaronross/code/watchlist/public/build/manifest-0EB2F34F.js",
    "statementMap": {},
    "fnMap": {},
    "branchMap": {},
    "s": {},
    "f": {},
    "b": {}
  },
  "/Users/aaronross/code/watchlist/public/build/manifest-0EDCF99C.js": {
    "path": "/Users/aaronross/code/watchlist/public/build/manifest-0EDCF99C.js",
    "statementMap": {},
    "fnMap": {},
    "branchMap": {},
    "s": {},
    "f": {},
    "b": {}
  },
  "/Users/aaronross/code/watchlist/public/build/manifest-0F514FE6.js": {
    "path": "/Users/aaronross/code/watchlist/public/build/manifest-0F514FE6.js",
    "statementMap": {},
    "fnMap": {},
    "branchMap": {},
    "s": {},
    "f": {},
    "b": {}
  },
  "/Users/aaronross/code/watchlist/public/build/manifest-1055ABBA.js": {
    "path": "/Users/aaronross/code/watchlist/public/build/manifest-1055ABBA.js",
    "statementMap": {},
    "fnMap": {},
    "branchMap": {},
    "s": {},
    "f": {},
    "b": {}
  },
  "/Users/aaronross/code/watchlist/public/build/manifest-106AA307.js": {
    "path": "/Users/aaronross/code/watchlist/public/build/manifest-106AA307.js",
    "statementMap": {},
    "fnMap": {},
    "branchMap": {},
    "s": {},
    "f": {},
    "b": {}
  },
  "/Users/aaronross/code/watchlist/public/build/manifest-10A3080E.js": {
    "path": "/Users/aaronross/code/watchlist/public/build/manifest-10A3080E.js",
    "statementMap": {},
    "fnMap": {},
    "branchMap": {},
    "s": {},
    "f": {},
    "b": {}
  },
  "/Users/aaronross/code/watchlist/public/build/manifest-112403CF.js": {
    "path": "/Users/aaronross/code/watchlist/public/build/manifest-112403CF.js",
    "statementMap": {},
    "fnMap": {},
    "branchMap": {},
    "s": {},
    "f": {},
    "b": {}
  },
  "/Users/aaronross/code/watchlist/public/build/manifest-11424ABA.js": {
    "path": "/Users/aaronross/code/watchlist/public/build/manifest-11424ABA.js",
    "statementMap": {},
    "fnMap": {},
    "branchMap": {},
    "s": {},
    "f": {},
    "b": {}
  },
  "/Users/aaronross/code/watchlist/public/build/manifest-1158E988.js": {
    "path": "/Users/aaronross/code/watchlist/public/build/manifest-1158E988.js",
    "statementMap": {},
    "fnMap": {},
    "branchMap": {},
    "s": {},
    "f": {},
    "b": {}
  },
  "/Users/aaronross/code/watchlist/public/build/manifest-118866C0.js": {
    "path": "/Users/aaronross/code/watchlist/public/build/manifest-118866C0.js",
    "statementMap": {},
    "fnMap": {},
    "branchMap": {},
    "s": {},
    "f": {},
    "b": {}
  },
  "/Users/aaronross/code/watchlist/public/build/manifest-119C7C5A.js": {
    "path": "/Users/aaronross/code/watchlist/public/build/manifest-119C7C5A.js",
    "statementMap": {},
    "fnMap": {},
    "branchMap": {},
    "s": {},
    "f": {},
    "b": {}
  },
  "/Users/aaronross/code/watchlist/public/build/manifest-12030439.js": {
    "path": "/Users/aaronross/code/watchlist/public/build/manifest-12030439.js",
    "statementMap": {},
    "fnMap": {},
    "branchMap": {},
    "s": {},
    "f": {},
    "b": {}
  },
  "/Users/aaronross/code/watchlist/public/build/manifest-121023A7.js": {
    "path": "/Users/aaronross/code/watchlist/public/build/manifest-121023A7.js",
    "statementMap": {},
    "fnMap": {},
    "branchMap": {},
    "s": {},
    "f": {},
    "b": {}
  },
  "/Users/aaronross/code/watchlist/public/build/manifest-1246AE6E.js": {
    "path": "/Users/aaronross/code/watchlist/public/build/manifest-1246AE6E.js",
    "statementMap": {},
    "fnMap": {},
    "branchMap": {},
    "s": {},
    "f": {},
    "b": {}
  },
  "/Users/aaronross/code/watchlist/public/build/manifest-12600B5E.js": {
    "path": "/Users/aaronross/code/watchlist/public/build/manifest-12600B5E.js",
    "statementMap": {},
    "fnMap": {},
    "branchMap": {},
    "s": {},
    "f": {},
    "b": {}
  },
  "/Users/aaronross/code/watchlist/public/build/manifest-12679157.js": {
    "path": "/Users/aaronross/code/watchlist/public/build/manifest-12679157.js",
    "statementMap": {},
    "fnMap": {},
    "branchMap": {},
    "s": {},
    "f": {},
    "b": {}
  },
  "/Users/aaronross/code/watchlist/public/build/manifest-12688D17.js": {
    "path": "/Users/aaronross/code/watchlist/public/build/manifest-12688D17.js",
    "statementMap": {},
    "fnMap": {},
    "branchMap": {},
    "s": {},
    "f": {},
    "b": {}
  },
  "/Users/aaronross/code/watchlist/public/build/manifest-127C2788.js": {
    "path": "/Users/aaronross/code/watchlist/public/build/manifest-127C2788.js",
    "statementMap": {},
    "fnMap": {},
    "branchMap": {},
    "s": {},
    "f": {},
    "b": {}
  },
  "/Users/aaronross/code/watchlist/public/build/manifest-1326489E.js": {
    "path": "/Users/aaronross/code/watchlist/public/build/manifest-1326489E.js",
    "statementMap": {},
    "fnMap": {},
    "branchMap": {},
    "s": {},
    "f": {},
    "b": {}
  },
  "/Users/aaronross/code/watchlist/public/build/manifest-134ABB0F.js": {
    "path": "/Users/aaronross/code/watchlist/public/build/manifest-134ABB0F.js",
    "statementMap": {},
    "fnMap": {},
    "branchMap": {},
    "s": {},
    "f": {},
    "b": {}
  },
  "/Users/aaronross/code/watchlist/public/build/manifest-1351F3C8.js": {
    "path": "/Users/aaronross/code/watchlist/public/build/manifest-1351F3C8.js",
    "statementMap": {},
    "fnMap": {},
    "branchMap": {},
    "s": {},
    "f": {},
    "b": {}
  },
  "/Users/aaronross/code/watchlist/public/build/manifest-13861AB6.js": {
    "path": "/Users/aaronross/code/watchlist/public/build/manifest-13861AB6.js",
    "statementMap": {},
    "fnMap": {},
    "branchMap": {},
    "s": {},
    "f": {},
    "b": {}
  },
  "/Users/aaronross/code/watchlist/public/build/manifest-1393F146.js": {
    "path": "/Users/aaronross/code/watchlist/public/build/manifest-1393F146.js",
    "statementMap": {},
    "fnMap": {},
    "branchMap": {},
    "s": {},
    "f": {},
    "b": {}
  },
  "/Users/aaronross/code/watchlist/public/build/manifest-13AFEFD8.js": {
    "path": "/Users/aaronross/code/watchlist/public/build/manifest-13AFEFD8.js",
    "statementMap": {},
    "fnMap": {},
    "branchMap": {},
    "s": {},
    "f": {},
    "b": {}
  },
  "/Users/aaronross/code/watchlist/public/build/manifest-13C1BC0F.js": {
    "path": "/Users/aaronross/code/watchlist/public/build/manifest-13C1BC0F.js",
    "statementMap": {},
    "fnMap": {},
    "branchMap": {},
    "s": {},
    "f": {},
    "b": {}
  },
  "/Users/aaronross/code/watchlist/public/build/manifest-142CCBE2.js": {
    "path": "/Users/aaronross/code/watchlist/public/build/manifest-142CCBE2.js",
    "statementMap": {},
    "fnMap": {},
    "branchMap": {},
    "s": {},
    "f": {},
    "b": {}
  },
  "/Users/aaronross/code/watchlist/public/build/manifest-14E9615D.js": {
    "path": "/Users/aaronross/code/watchlist/public/build/manifest-14E9615D.js",
    "statementMap": {},
    "fnMap": {},
    "branchMap": {},
    "s": {},
    "f": {},
    "b": {}
  },
  "/Users/aaronross/code/watchlist/public/build/manifest-15347229.js": {
    "path": "/Users/aaronross/code/watchlist/public/build/manifest-15347229.js",
    "statementMap": {},
    "fnMap": {},
    "branchMap": {},
    "s": {},
    "f": {},
    "b": {}
  },
  "/Users/aaronross/code/watchlist/public/build/manifest-15E857B0.js": {
    "path": "/Users/aaronross/code/watchlist/public/build/manifest-15E857B0.js",
    "statementMap": {},
    "fnMap": {},
    "branchMap": {},
    "s": {},
    "f": {},
    "b": {}
  },
  "/Users/aaronross/code/watchlist/public/build/manifest-166478F0.js": {
    "path": "/Users/aaronross/code/watchlist/public/build/manifest-166478F0.js",
    "statementMap": {},
    "fnMap": {},
    "branchMap": {},
    "s": {},
    "f": {},
    "b": {}
  },
  "/Users/aaronross/code/watchlist/public/build/manifest-16989AA3.js": {
    "path": "/Users/aaronross/code/watchlist/public/build/manifest-16989AA3.js",
    "statementMap": {},
    "fnMap": {},
    "branchMap": {},
    "s": {},
    "f": {},
    "b": {}
  },
  "/Users/aaronross/code/watchlist/public/build/manifest-171C54E3.js": {
    "path": "/Users/aaronross/code/watchlist/public/build/manifest-171C54E3.js",
    "statementMap": {},
    "fnMap": {},
    "branchMap": {},
    "s": {},
    "f": {},
    "b": {}
  },
  "/Users/aaronross/code/watchlist/public/build/manifest-17459718.js": {
    "path": "/Users/aaronross/code/watchlist/public/build/manifest-17459718.js",
    "statementMap": {},
    "fnMap": {},
    "branchMap": {},
    "s": {},
    "f": {},
    "b": {}
  },
  "/Users/aaronross/code/watchlist/public/build/manifest-175E5002.js": {
    "path": "/Users/aaronross/code/watchlist/public/build/manifest-175E5002.js",
    "statementMap": {},
    "fnMap": {},
    "branchMap": {},
    "s": {},
    "f": {},
    "b": {}
  },
  "/Users/aaronross/code/watchlist/public/build/manifest-1774F34D.js": {
    "path": "/Users/aaronross/code/watchlist/public/build/manifest-1774F34D.js",
    "statementMap": {},
    "fnMap": {},
    "branchMap": {},
    "s": {},
    "f": {},
    "b": {}
  },
  "/Users/aaronross/code/watchlist/public/build/manifest-177AFCA9.js": {
    "path": "/Users/aaronross/code/watchlist/public/build/manifest-177AFCA9.js",
    "statementMap": {},
    "fnMap": {},
    "branchMap": {},
    "s": {},
    "f": {},
    "b": {}
  },
  "/Users/aaronross/code/watchlist/public/build/manifest-1784F4ED.js": {
    "path": "/Users/aaronross/code/watchlist/public/build/manifest-1784F4ED.js",
    "statementMap": {},
    "fnMap": {},
    "branchMap": {},
    "s": {},
    "f": {},
    "b": {}
  },
  "/Users/aaronross/code/watchlist/public/build/manifest-17A7F439.js": {
    "path": "/Users/aaronross/code/watchlist/public/build/manifest-17A7F439.js",
    "statementMap": {},
    "fnMap": {},
    "branchMap": {},
    "s": {},
    "f": {},
    "b": {}
  },
  "/Users/aaronross/code/watchlist/public/build/manifest-17E1CC04.js": {
    "path": "/Users/aaronross/code/watchlist/public/build/manifest-17E1CC04.js",
    "statementMap": {},
    "fnMap": {},
    "branchMap": {},
    "s": {},
    "f": {},
    "b": {}
  },
  "/Users/aaronross/code/watchlist/public/build/manifest-17E5EDD7.js": {
    "path": "/Users/aaronross/code/watchlist/public/build/manifest-17E5EDD7.js",
    "statementMap": {},
    "fnMap": {},
    "branchMap": {},
    "s": {},
    "f": {},
    "b": {}
  },
  "/Users/aaronross/code/watchlist/public/build/manifest-1885BF08.js": {
    "path": "/Users/aaronross/code/watchlist/public/build/manifest-1885BF08.js",
    "statementMap": {},
    "fnMap": {},
    "branchMap": {},
    "s": {},
    "f": {},
    "b": {}
  },
  "/Users/aaronross/code/watchlist/public/build/manifest-18CD9286.js": {
    "path": "/Users/aaronross/code/watchlist/public/build/manifest-18CD9286.js",
    "statementMap": {},
    "fnMap": {},
    "branchMap": {},
    "s": {},
    "f": {},
    "b": {}
  },
  "/Users/aaronross/code/watchlist/public/build/manifest-197D5345.js": {
    "path": "/Users/aaronross/code/watchlist/public/build/manifest-197D5345.js",
    "statementMap": {},
    "fnMap": {},
    "branchMap": {},
    "s": {},
    "f": {},
    "b": {}
  },
  "/Users/aaronross/code/watchlist/public/build/manifest-19AB75CC.js": {
    "path": "/Users/aaronross/code/watchlist/public/build/manifest-19AB75CC.js",
    "statementMap": {},
    "fnMap": {},
    "branchMap": {},
    "s": {},
    "f": {},
    "b": {}
  },
  "/Users/aaronross/code/watchlist/public/build/manifest-1ABE4B9B.js": {
    "path": "/Users/aaronross/code/watchlist/public/build/manifest-1ABE4B9B.js",
    "statementMap": {},
    "fnMap": {},
    "branchMap": {},
    "s": {},
    "f": {},
    "b": {}
  },
  "/Users/aaronross/code/watchlist/public/build/manifest-1AE5E3C7.js": {
    "path": "/Users/aaronross/code/watchlist/public/build/manifest-1AE5E3C7.js",
    "statementMap": {},
    "fnMap": {},
    "branchMap": {},
    "s": {},
    "f": {},
    "b": {}
  },
  "/Users/aaronross/code/watchlist/public/build/manifest-1B0D5EBE.js": {
    "path": "/Users/aaronross/code/watchlist/public/build/manifest-1B0D5EBE.js",
    "statementMap": {},
    "fnMap": {},
    "branchMap": {},
    "s": {},
    "f": {},
    "b": {}
  },
  "/Users/aaronross/code/watchlist/public/build/manifest-1B361E5B.js": {
    "path": "/Users/aaronross/code/watchlist/public/build/manifest-1B361E5B.js",
    "statementMap": {},
    "fnMap": {},
    "branchMap": {},
    "s": {},
    "f": {},
    "b": {}
  },
  "/Users/aaronross/code/watchlist/public/build/manifest-1B3F495A.js": {
    "path": "/Users/aaronross/code/watchlist/public/build/manifest-1B3F495A.js",
    "statementMap": {},
    "fnMap": {},
    "branchMap": {},
    "s": {},
    "f": {},
    "b": {}
  },
  "/Users/aaronross/code/watchlist/public/build/manifest-1BA558DC.js": {
    "path": "/Users/aaronross/code/watchlist/public/build/manifest-1BA558DC.js",
    "statementMap": {},
    "fnMap": {},
    "branchMap": {},
    "s": {},
    "f": {},
    "b": {}
  },
  "/Users/aaronross/code/watchlist/public/build/manifest-1BB1D50F.js": {
    "path": "/Users/aaronross/code/watchlist/public/build/manifest-1BB1D50F.js",
    "statementMap": {},
    "fnMap": {},
    "branchMap": {},
    "s": {},
    "f": {},
    "b": {}
  },
  "/Users/aaronross/code/watchlist/public/build/manifest-1BB24E6E.js": {
    "path": "/Users/aaronross/code/watchlist/public/build/manifest-1BB24E6E.js",
    "statementMap": {},
    "fnMap": {},
    "branchMap": {},
    "s": {},
    "f": {},
    "b": {}
  },
  "/Users/aaronross/code/watchlist/public/build/manifest-1C41CEBC.js": {
    "path": "/Users/aaronross/code/watchlist/public/build/manifest-1C41CEBC.js",
    "statementMap": {},
    "fnMap": {},
    "branchMap": {},
    "s": {},
    "f": {},
    "b": {}
  },
  "/Users/aaronross/code/watchlist/public/build/manifest-1C9138C3.js": {
    "path": "/Users/aaronross/code/watchlist/public/build/manifest-1C9138C3.js",
    "statementMap": {},
    "fnMap": {},
    "branchMap": {},
    "s": {},
    "f": {},
    "b": {}
  },
  "/Users/aaronross/code/watchlist/public/build/manifest-1CD4FFD3.js": {
    "path": "/Users/aaronross/code/watchlist/public/build/manifest-1CD4FFD3.js",
    "statementMap": {},
    "fnMap": {},
    "branchMap": {},
    "s": {},
    "f": {},
    "b": {}
  },
  "/Users/aaronross/code/watchlist/public/build/manifest-1CE8F71A.js": {
    "path": "/Users/aaronross/code/watchlist/public/build/manifest-1CE8F71A.js",
    "statementMap": {},
    "fnMap": {},
    "branchMap": {},
    "s": {},
    "f": {},
    "b": {}
  },
  "/Users/aaronross/code/watchlist/public/build/manifest-1DF4FEAC.js": {
    "path": "/Users/aaronross/code/watchlist/public/build/manifest-1DF4FEAC.js",
    "statementMap": {},
    "fnMap": {},
    "branchMap": {},
    "s": {},
    "f": {},
    "b": {}
  },
  "/Users/aaronross/code/watchlist/public/build/manifest-1DFE062A.js": {
    "path": "/Users/aaronross/code/watchlist/public/build/manifest-1DFE062A.js",
    "statementMap": {},
    "fnMap": {},
    "branchMap": {},
    "s": {},
    "f": {},
    "b": {}
  },
  "/Users/aaronross/code/watchlist/public/build/manifest-1E18CA98.js": {
    "path": "/Users/aaronross/code/watchlist/public/build/manifest-1E18CA98.js",
    "statementMap": {},
    "fnMap": {},
    "branchMap": {},
    "s": {},
    "f": {},
    "b": {}
  },
  "/Users/aaronross/code/watchlist/public/build/manifest-1E3ED1C7.js": {
    "path": "/Users/aaronross/code/watchlist/public/build/manifest-1E3ED1C7.js",
    "statementMap": {},
    "fnMap": {},
    "branchMap": {},
    "s": {},
    "f": {},
    "b": {}
  },
  "/Users/aaronross/code/watchlist/public/build/manifest-1F2243AF.js": {
    "path": "/Users/aaronross/code/watchlist/public/build/manifest-1F2243AF.js",
    "statementMap": {},
    "fnMap": {},
    "branchMap": {},
    "s": {},
    "f": {},
    "b": {}
  },
  "/Users/aaronross/code/watchlist/public/build/manifest-1FBB7DBA.js": {
    "path": "/Users/aaronross/code/watchlist/public/build/manifest-1FBB7DBA.js",
    "statementMap": {},
    "fnMap": {},
    "branchMap": {},
    "s": {},
    "f": {},
    "b": {}
  },
  "/Users/aaronross/code/watchlist/public/build/manifest-1FCF1481.js": {
    "path": "/Users/aaronross/code/watchlist/public/build/manifest-1FCF1481.js",
    "statementMap": {},
    "fnMap": {},
    "branchMap": {},
    "s": {},
    "f": {},
    "b": {}
  },
  "/Users/aaronross/code/watchlist/public/build/manifest-20350AE9.js": {
    "path": "/Users/aaronross/code/watchlist/public/build/manifest-20350AE9.js",
    "statementMap": {},
    "fnMap": {},
    "branchMap": {},
    "s": {},
    "f": {},
    "b": {}
  },
  "/Users/aaronross/code/watchlist/public/build/manifest-2076093E.js": {
    "path": "/Users/aaronross/code/watchlist/public/build/manifest-2076093E.js",
    "statementMap": {},
    "fnMap": {},
    "branchMap": {},
    "s": {},
    "f": {},
    "b": {}
  },
  "/Users/aaronross/code/watchlist/public/build/manifest-20840752.js": {
    "path": "/Users/aaronross/code/watchlist/public/build/manifest-20840752.js",
    "statementMap": {},
    "fnMap": {},
    "branchMap": {},
    "s": {},
    "f": {},
    "b": {}
  },
  "/Users/aaronross/code/watchlist/public/build/manifest-212BD7ED.js": {
    "path": "/Users/aaronross/code/watchlist/public/build/manifest-212BD7ED.js",
    "statementMap": {},
    "fnMap": {},
    "branchMap": {},
    "s": {},
    "f": {},
    "b": {}
  },
  "/Users/aaronross/code/watchlist/public/build/manifest-214482F7.js": {
    "path": "/Users/aaronross/code/watchlist/public/build/manifest-214482F7.js",
    "statementMap": {},
    "fnMap": {},
    "branchMap": {},
    "s": {},
    "f": {},
    "b": {}
  },
  "/Users/aaronross/code/watchlist/public/build/manifest-21564507.js": {
    "path": "/Users/aaronross/code/watchlist/public/build/manifest-21564507.js",
    "statementMap": {},
    "fnMap": {},
    "branchMap": {},
    "s": {},
    "f": {},
    "b": {}
  },
  "/Users/aaronross/code/watchlist/public/build/manifest-21572868.js": {
    "path": "/Users/aaronross/code/watchlist/public/build/manifest-21572868.js",
    "statementMap": {},
    "fnMap": {},
    "branchMap": {},
    "s": {},
    "f": {},
    "b": {}
  },
  "/Users/aaronross/code/watchlist/public/build/manifest-2184226C.js": {
    "path": "/Users/aaronross/code/watchlist/public/build/manifest-2184226C.js",
    "statementMap": {},
    "fnMap": {},
    "branchMap": {},
    "s": {},
    "f": {},
    "b": {}
  },
  "/Users/aaronross/code/watchlist/public/build/manifest-22830903.js": {
    "path": "/Users/aaronross/code/watchlist/public/build/manifest-22830903.js",
    "statementMap": {},
    "fnMap": {},
    "branchMap": {},
    "s": {},
    "f": {},
    "b": {}
  },
  "/Users/aaronross/code/watchlist/public/build/manifest-22890212.js": {
    "path": "/Users/aaronross/code/watchlist/public/build/manifest-22890212.js",
    "statementMap": {},
    "fnMap": {},
    "branchMap": {},
    "s": {},
    "f": {},
    "b": {}
  },
  "/Users/aaronross/code/watchlist/public/build/manifest-22ED01E9.js": {
    "path": "/Users/aaronross/code/watchlist/public/build/manifest-22ED01E9.js",
    "statementMap": {},
    "fnMap": {},
    "branchMap": {},
    "s": {},
    "f": {},
    "b": {}
  },
  "/Users/aaronross/code/watchlist/public/build/manifest-23620373.js": {
    "path": "/Users/aaronross/code/watchlist/public/build/manifest-23620373.js",
    "statementMap": {},
    "fnMap": {},
    "branchMap": {},
    "s": {},
    "f": {},
    "b": {}
  },
  "/Users/aaronross/code/watchlist/public/build/manifest-236748C5.js": {
    "path": "/Users/aaronross/code/watchlist/public/build/manifest-236748C5.js",
    "statementMap": {},
    "fnMap": {},
    "branchMap": {},
    "s": {},
    "f": {},
    "b": {}
  },
  "/Users/aaronross/code/watchlist/public/build/manifest-23FD35A9.js": {
    "path": "/Users/aaronross/code/watchlist/public/build/manifest-23FD35A9.js",
    "statementMap": {},
    "fnMap": {},
    "branchMap": {},
    "s": {},
    "f": {},
    "b": {}
  },
  "/Users/aaronross/code/watchlist/public/build/manifest-2400AE43.js": {
    "path": "/Users/aaronross/code/watchlist/public/build/manifest-2400AE43.js",
    "statementMap": {},
    "fnMap": {},
    "branchMap": {},
    "s": {},
    "f": {},
    "b": {}
  },
  "/Users/aaronross/code/watchlist/public/build/manifest-2436C032.js": {
    "path": "/Users/aaronross/code/watchlist/public/build/manifest-2436C032.js",
    "statementMap": {},
    "fnMap": {},
    "branchMap": {},
    "s": {},
    "f": {},
    "b": {}
  },
  "/Users/aaronross/code/watchlist/public/build/manifest-247839DE.js": {
    "path": "/Users/aaronross/code/watchlist/public/build/manifest-247839DE.js",
    "statementMap": {},
    "fnMap": {},
    "branchMap": {},
    "s": {},
    "f": {},
    "b": {}
  },
  "/Users/aaronross/code/watchlist/public/build/manifest-24997E62.js": {
    "path": "/Users/aaronross/code/watchlist/public/build/manifest-24997E62.js",
    "statementMap": {},
    "fnMap": {},
    "branchMap": {},
    "s": {},
    "f": {},
    "b": {}
  },
  "/Users/aaronross/code/watchlist/public/build/manifest-24A9E43F.js": {
    "path": "/Users/aaronross/code/watchlist/public/build/manifest-24A9E43F.js",
    "statementMap": {},
    "fnMap": {},
    "branchMap": {},
    "s": {},
    "f": {},
    "b": {}
  },
  "/Users/aaronross/code/watchlist/public/build/manifest-24AA5A75.js": {
    "path": "/Users/aaronross/code/watchlist/public/build/manifest-24AA5A75.js",
    "statementMap": {},
    "fnMap": {},
    "branchMap": {},
    "s": {},
    "f": {},
    "b": {}
  },
  "/Users/aaronross/code/watchlist/public/build/manifest-24C7A5DF.js": {
    "path": "/Users/aaronross/code/watchlist/public/build/manifest-24C7A5DF.js",
    "statementMap": {},
    "fnMap": {},
    "branchMap": {},
    "s": {},
    "f": {},
    "b": {}
  },
  "/Users/aaronross/code/watchlist/public/build/manifest-25A62BCE.js": {
    "path": "/Users/aaronross/code/watchlist/public/build/manifest-25A62BCE.js",
    "statementMap": {},
    "fnMap": {},
    "branchMap": {},
    "s": {},
    "f": {},
    "b": {}
  },
  "/Users/aaronross/code/watchlist/public/build/manifest-25FBE3CE.js": {
    "path": "/Users/aaronross/code/watchlist/public/build/manifest-25FBE3CE.js",
    "statementMap": {},
    "fnMap": {},
    "branchMap": {},
    "s": {},
    "f": {},
    "b": {}
  },
  "/Users/aaronross/code/watchlist/public/build/manifest-2602D967.js": {
    "path": "/Users/aaronross/code/watchlist/public/build/manifest-2602D967.js",
    "statementMap": {},
    "fnMap": {},
    "branchMap": {},
    "s": {},
    "f": {},
    "b": {}
  },
  "/Users/aaronross/code/watchlist/public/build/manifest-263222F9.js": {
    "path": "/Users/aaronross/code/watchlist/public/build/manifest-263222F9.js",
    "statementMap": {},
    "fnMap": {},
    "branchMap": {},
    "s": {},
    "f": {},
    "b": {}
  },
  "/Users/aaronross/code/watchlist/public/build/manifest-263A15B4.js": {
    "path": "/Users/aaronross/code/watchlist/public/build/manifest-263A15B4.js",
    "statementMap": {},
    "fnMap": {},
    "branchMap": {},
    "s": {},
    "f": {},
    "b": {}
  },
  "/Users/aaronross/code/watchlist/public/build/manifest-26B0FB2C.js": {
    "path": "/Users/aaronross/code/watchlist/public/build/manifest-26B0FB2C.js",
    "statementMap": {},
    "fnMap": {},
    "branchMap": {},
    "s": {},
    "f": {},
    "b": {}
  },
  "/Users/aaronross/code/watchlist/public/build/manifest-26B6A1C5.js": {
    "path": "/Users/aaronross/code/watchlist/public/build/manifest-26B6A1C5.js",
    "statementMap": {},
    "fnMap": {},
    "branchMap": {},
    "s": {},
    "f": {},
    "b": {}
  },
  "/Users/aaronross/code/watchlist/public/build/manifest-26B9709A.js": {
    "path": "/Users/aaronross/code/watchlist/public/build/manifest-26B9709A.js",
    "statementMap": {},
    "fnMap": {},
    "branchMap": {},
    "s": {},
    "f": {},
    "b": {}
  },
  "/Users/aaronross/code/watchlist/public/build/manifest-26C7BFCF.js": {
    "path": "/Users/aaronross/code/watchlist/public/build/manifest-26C7BFCF.js",
    "statementMap": {},
    "fnMap": {},
    "branchMap": {},
    "s": {},
    "f": {},
    "b": {}
  },
  "/Users/aaronross/code/watchlist/public/build/manifest-26D75976.js": {
    "path": "/Users/aaronross/code/watchlist/public/build/manifest-26D75976.js",
    "statementMap": {},
    "fnMap": {},
    "branchMap": {},
    "s": {},
    "f": {},
    "b": {}
  },
  "/Users/aaronross/code/watchlist/public/build/manifest-2734A778.js": {
    "path": "/Users/aaronross/code/watchlist/public/build/manifest-2734A778.js",
    "statementMap": {},
    "fnMap": {},
    "branchMap": {},
    "s": {},
    "f": {},
    "b": {}
  },
  "/Users/aaronross/code/watchlist/public/build/manifest-274065B2.js": {
    "path": "/Users/aaronross/code/watchlist/public/build/manifest-274065B2.js",
    "statementMap": {},
    "fnMap": {},
    "branchMap": {},
    "s": {},
    "f": {},
    "b": {}
  },
  "/Users/aaronross/code/watchlist/public/build/manifest-278201DB.js": {
    "path": "/Users/aaronross/code/watchlist/public/build/manifest-278201DB.js",
    "statementMap": {},
    "fnMap": {},
    "branchMap": {},
    "s": {},
    "f": {},
    "b": {}
  },
  "/Users/aaronross/code/watchlist/public/build/manifest-28714775.js": {
    "path": "/Users/aaronross/code/watchlist/public/build/manifest-28714775.js",
    "statementMap": {},
    "fnMap": {},
    "branchMap": {},
    "s": {},
    "f": {},
    "b": {}
  },
  "/Users/aaronross/code/watchlist/public/build/manifest-293EDCD8.js": {
    "path": "/Users/aaronross/code/watchlist/public/build/manifest-293EDCD8.js",
    "statementMap": {},
    "fnMap": {},
    "branchMap": {},
    "s": {},
    "f": {},
    "b": {}
  },
  "/Users/aaronross/code/watchlist/public/build/manifest-2944890A.js": {
    "path": "/Users/aaronross/code/watchlist/public/build/manifest-2944890A.js",
    "statementMap": {},
    "fnMap": {},
    "branchMap": {},
    "s": {},
    "f": {},
    "b": {}
  },
  "/Users/aaronross/code/watchlist/public/build/manifest-295D22E2.js": {
    "path": "/Users/aaronross/code/watchlist/public/build/manifest-295D22E2.js",
    "statementMap": {},
    "fnMap": {},
    "branchMap": {},
    "s": {},
    "f": {},
    "b": {}
  },
  "/Users/aaronross/code/watchlist/public/build/manifest-29860F90.js": {
    "path": "/Users/aaronross/code/watchlist/public/build/manifest-29860F90.js",
    "statementMap": {},
    "fnMap": {},
    "branchMap": {},
    "s": {},
    "f": {},
    "b": {}
  },
  "/Users/aaronross/code/watchlist/public/build/manifest-29C39D3C.js": {
    "path": "/Users/aaronross/code/watchlist/public/build/manifest-29C39D3C.js",
    "statementMap": {},
    "fnMap": {},
    "branchMap": {},
    "s": {},
    "f": {},
    "b": {}
  },
  "/Users/aaronross/code/watchlist/public/build/manifest-2AA58D23.js": {
    "path": "/Users/aaronross/code/watchlist/public/build/manifest-2AA58D23.js",
    "statementMap": {},
    "fnMap": {},
    "branchMap": {},
    "s": {},
    "f": {},
    "b": {}
  },
  "/Users/aaronross/code/watchlist/public/build/manifest-2B7B959D.js": {
    "path": "/Users/aaronross/code/watchlist/public/build/manifest-2B7B959D.js",
    "statementMap": {},
    "fnMap": {},
    "branchMap": {},
    "s": {},
    "f": {},
    "b": {}
  },
  "/Users/aaronross/code/watchlist/public/build/manifest-2B829AAC.js": {
    "path": "/Users/aaronross/code/watchlist/public/build/manifest-2B829AAC.js",
    "statementMap": {},
    "fnMap": {},
    "branchMap": {},
    "s": {},
    "f": {},
    "b": {}
  },
  "/Users/aaronross/code/watchlist/public/build/manifest-2B90E163.js": {
    "path": "/Users/aaronross/code/watchlist/public/build/manifest-2B90E163.js",
    "statementMap": {},
    "fnMap": {},
    "branchMap": {},
    "s": {},
    "f": {},
    "b": {}
  },
  "/Users/aaronross/code/watchlist/public/build/manifest-2B9CCAA4.js": {
    "path": "/Users/aaronross/code/watchlist/public/build/manifest-2B9CCAA4.js",
    "statementMap": {},
    "fnMap": {},
    "branchMap": {},
    "s": {},
    "f": {},
    "b": {}
  },
  "/Users/aaronross/code/watchlist/public/build/manifest-2BA859E7.js": {
    "path": "/Users/aaronross/code/watchlist/public/build/manifest-2BA859E7.js",
    "statementMap": {},
    "fnMap": {},
    "branchMap": {},
    "s": {},
    "f": {},
    "b": {}
  },
  "/Users/aaronross/code/watchlist/public/build/manifest-2BA93AC6.js": {
    "path": "/Users/aaronross/code/watchlist/public/build/manifest-2BA93AC6.js",
    "statementMap": {},
    "fnMap": {},
    "branchMap": {},
    "s": {},
    "f": {},
    "b": {}
  },
  "/Users/aaronross/code/watchlist/public/build/manifest-2C0C2672.js": {
    "path": "/Users/aaronross/code/watchlist/public/build/manifest-2C0C2672.js",
    "statementMap": {},
    "fnMap": {},
    "branchMap": {},
    "s": {},
    "f": {},
    "b": {}
  },
  "/Users/aaronross/code/watchlist/public/build/manifest-2C86D6C4.js": {
    "path": "/Users/aaronross/code/watchlist/public/build/manifest-2C86D6C4.js",
    "statementMap": {},
    "fnMap": {},
    "branchMap": {},
    "s": {},
    "f": {},
    "b": {}
  },
  "/Users/aaronross/code/watchlist/public/build/manifest-2CE48EDF.js": {
    "path": "/Users/aaronross/code/watchlist/public/build/manifest-2CE48EDF.js",
    "statementMap": {},
    "fnMap": {},
    "branchMap": {},
    "s": {},
    "f": {},
    "b": {}
  },
  "/Users/aaronross/code/watchlist/public/build/manifest-2CE66AB4.js": {
    "path": "/Users/aaronross/code/watchlist/public/build/manifest-2CE66AB4.js",
    "statementMap": {},
    "fnMap": {},
    "branchMap": {},
    "s": {},
    "f": {},
    "b": {}
  },
  "/Users/aaronross/code/watchlist/public/build/manifest-2D1543F1.js": {
    "path": "/Users/aaronross/code/watchlist/public/build/manifest-2D1543F1.js",
    "statementMap": {},
    "fnMap": {},
    "branchMap": {},
    "s": {},
    "f": {},
    "b": {}
  },
  "/Users/aaronross/code/watchlist/public/build/manifest-2D1E0C24.js": {
    "path": "/Users/aaronross/code/watchlist/public/build/manifest-2D1E0C24.js",
    "statementMap": {},
    "fnMap": {},
    "branchMap": {},
    "s": {},
    "f": {},
    "b": {}
  },
  "/Users/aaronross/code/watchlist/public/build/manifest-2D2D0FE6.js": {
    "path": "/Users/aaronross/code/watchlist/public/build/manifest-2D2D0FE6.js",
    "statementMap": {},
    "fnMap": {},
    "branchMap": {},
    "s": {},
    "f": {},
    "b": {}
  },
  "/Users/aaronross/code/watchlist/public/build/manifest-2D3C00C9.js": {
    "path": "/Users/aaronross/code/watchlist/public/build/manifest-2D3C00C9.js",
    "statementMap": {},
    "fnMap": {},
    "branchMap": {},
    "s": {},
    "f": {},
    "b": {}
  },
  "/Users/aaronross/code/watchlist/public/build/manifest-2D6D85D1.js": {
    "path": "/Users/aaronross/code/watchlist/public/build/manifest-2D6D85D1.js",
    "statementMap": {},
    "fnMap": {},
    "branchMap": {},
    "s": {},
    "f": {},
    "b": {}
  },
  "/Users/aaronross/code/watchlist/public/build/manifest-2DF2318E.js": {
    "path": "/Users/aaronross/code/watchlist/public/build/manifest-2DF2318E.js",
    "statementMap": {},
    "fnMap": {},
    "branchMap": {},
    "s": {},
    "f": {},
    "b": {}
  },
  "/Users/aaronross/code/watchlist/public/build/manifest-2EA63F52.js": {
    "path": "/Users/aaronross/code/watchlist/public/build/manifest-2EA63F52.js",
    "statementMap": {},
    "fnMap": {},
    "branchMap": {},
    "s": {},
    "f": {},
    "b": {}
  },
  "/Users/aaronross/code/watchlist/public/build/manifest-2EB8374B.js": {
    "path": "/Users/aaronross/code/watchlist/public/build/manifest-2EB8374B.js",
    "statementMap": {},
    "fnMap": {},
    "branchMap": {},
    "s": {},
    "f": {},
    "b": {}
  },
  "/Users/aaronross/code/watchlist/public/build/manifest-2EBDE4D2.js": {
    "path": "/Users/aaronross/code/watchlist/public/build/manifest-2EBDE4D2.js",
    "statementMap": {},
    "fnMap": {},
    "branchMap": {},
    "s": {},
    "f": {},
    "b": {}
  },
  "/Users/aaronross/code/watchlist/public/build/manifest-2F1C992E.js": {
    "path": "/Users/aaronross/code/watchlist/public/build/manifest-2F1C992E.js",
    "statementMap": {},
    "fnMap": {},
    "branchMap": {},
    "s": {},
    "f": {},
    "b": {}
  },
  "/Users/aaronross/code/watchlist/public/build/manifest-2F1D30DE.js": {
    "path": "/Users/aaronross/code/watchlist/public/build/manifest-2F1D30DE.js",
    "statementMap": {},
    "fnMap": {},
    "branchMap": {},
    "s": {},
    "f": {},
    "b": {}
  },
  "/Users/aaronross/code/watchlist/public/build/manifest-2F24C367.js": {
    "path": "/Users/aaronross/code/watchlist/public/build/manifest-2F24C367.js",
    "statementMap": {},
    "fnMap": {},
    "branchMap": {},
    "s": {},
    "f": {},
    "b": {}
  },
  "/Users/aaronross/code/watchlist/public/build/manifest-2F7C12A0.js": {
    "path": "/Users/aaronross/code/watchlist/public/build/manifest-2F7C12A0.js",
    "statementMap": {},
    "fnMap": {},
    "branchMap": {},
    "s": {},
    "f": {},
    "b": {}
  },
  "/Users/aaronross/code/watchlist/public/build/manifest-2F835BA2.js": {
    "path": "/Users/aaronross/code/watchlist/public/build/manifest-2F835BA2.js",
    "statementMap": {},
    "fnMap": {},
    "branchMap": {},
    "s": {},
    "f": {},
    "b": {}
  },
  "/Users/aaronross/code/watchlist/public/build/manifest-302E960A.js": {
    "path": "/Users/aaronross/code/watchlist/public/build/manifest-302E960A.js",
    "statementMap": {},
    "fnMap": {},
    "branchMap": {},
    "s": {},
    "f": {},
    "b": {}
  },
  "/Users/aaronross/code/watchlist/public/build/manifest-30491798.js": {
    "path": "/Users/aaronross/code/watchlist/public/build/manifest-30491798.js",
    "statementMap": {},
    "fnMap": {},
    "branchMap": {},
    "s": {},
    "f": {},
    "b": {}
  },
  "/Users/aaronross/code/watchlist/public/build/manifest-30739080.js": {
    "path": "/Users/aaronross/code/watchlist/public/build/manifest-30739080.js",
    "statementMap": {},
    "fnMap": {},
    "branchMap": {},
    "s": {},
    "f": {},
    "b": {}
  },
  "/Users/aaronross/code/watchlist/public/build/manifest-30830A40.js": {
    "path": "/Users/aaronross/code/watchlist/public/build/manifest-30830A40.js",
    "statementMap": {},
    "fnMap": {},
    "branchMap": {},
    "s": {},
    "f": {},
    "b": {}
  },
  "/Users/aaronross/code/watchlist/public/build/manifest-30A6FD3E.js": {
    "path": "/Users/aaronross/code/watchlist/public/build/manifest-30A6FD3E.js",
    "statementMap": {},
    "fnMap": {},
    "branchMap": {},
    "s": {},
    "f": {},
    "b": {}
  },
  "/Users/aaronross/code/watchlist/public/build/manifest-3293477E.js": {
    "path": "/Users/aaronross/code/watchlist/public/build/manifest-3293477E.js",
    "statementMap": {},
    "fnMap": {},
    "branchMap": {},
    "s": {},
    "f": {},
    "b": {}
  },
  "/Users/aaronross/code/watchlist/public/build/manifest-32A066ED.js": {
    "path": "/Users/aaronross/code/watchlist/public/build/manifest-32A066ED.js",
    "statementMap": {},
    "fnMap": {},
    "branchMap": {},
    "s": {},
    "f": {},
    "b": {}
  },
  "/Users/aaronross/code/watchlist/public/build/manifest-32A9ED66.js": {
    "path": "/Users/aaronross/code/watchlist/public/build/manifest-32A9ED66.js",
    "statementMap": {},
    "fnMap": {},
    "branchMap": {},
    "s": {},
    "f": {},
    "b": {}
  },
  "/Users/aaronross/code/watchlist/public/build/manifest-32EF99CB.js": {
    "path": "/Users/aaronross/code/watchlist/public/build/manifest-32EF99CB.js",
    "statementMap": {},
    "fnMap": {},
    "branchMap": {},
    "s": {},
    "f": {},
    "b": {}
  },
  "/Users/aaronross/code/watchlist/public/build/manifest-32F1CA64.js": {
    "path": "/Users/aaronross/code/watchlist/public/build/manifest-32F1CA64.js",
    "statementMap": {},
    "fnMap": {},
    "branchMap": {},
    "s": {},
    "f": {},
    "b": {}
  },
  "/Users/aaronross/code/watchlist/public/build/manifest-332C8F10.js": {
    "path": "/Users/aaronross/code/watchlist/public/build/manifest-332C8F10.js",
    "statementMap": {},
    "fnMap": {},
    "branchMap": {},
    "s": {},
    "f": {},
    "b": {}
  },
  "/Users/aaronross/code/watchlist/public/build/manifest-33E2B452.js": {
    "path": "/Users/aaronross/code/watchlist/public/build/manifest-33E2B452.js",
    "statementMap": {},
    "fnMap": {},
    "branchMap": {},
    "s": {},
    "f": {},
    "b": {}
  },
  "/Users/aaronross/code/watchlist/public/build/manifest-343C25FD.js": {
    "path": "/Users/aaronross/code/watchlist/public/build/manifest-343C25FD.js",
    "statementMap": {},
    "fnMap": {},
    "branchMap": {},
    "s": {},
    "f": {},
    "b": {}
  },
  "/Users/aaronross/code/watchlist/public/build/manifest-343C8907.js": {
    "path": "/Users/aaronross/code/watchlist/public/build/manifest-343C8907.js",
    "statementMap": {},
    "fnMap": {},
    "branchMap": {},
    "s": {},
    "f": {},
    "b": {}
  },
  "/Users/aaronross/code/watchlist/public/build/manifest-343D2FF4.js": {
    "path": "/Users/aaronross/code/watchlist/public/build/manifest-343D2FF4.js",
    "statementMap": {},
    "fnMap": {},
    "branchMap": {},
    "s": {},
    "f": {},
    "b": {}
  },
  "/Users/aaronross/code/watchlist/public/build/manifest-347BD523.js": {
    "path": "/Users/aaronross/code/watchlist/public/build/manifest-347BD523.js",
    "statementMap": {},
    "fnMap": {},
    "branchMap": {},
    "s": {},
    "f": {},
    "b": {}
  },
  "/Users/aaronross/code/watchlist/public/build/manifest-3484D6DC.js": {
    "path": "/Users/aaronross/code/watchlist/public/build/manifest-3484D6DC.js",
    "statementMap": {},
    "fnMap": {},
    "branchMap": {},
    "s": {},
    "f": {},
    "b": {}
  },
  "/Users/aaronross/code/watchlist/public/build/manifest-34870AFA.js": {
    "path": "/Users/aaronross/code/watchlist/public/build/manifest-34870AFA.js",
    "statementMap": {},
    "fnMap": {},
    "branchMap": {},
    "s": {},
    "f": {},
    "b": {}
  },
  "/Users/aaronross/code/watchlist/public/build/manifest-348A94AC.js": {
    "path": "/Users/aaronross/code/watchlist/public/build/manifest-348A94AC.js",
    "statementMap": {},
    "fnMap": {},
    "branchMap": {},
    "s": {},
    "f": {},
    "b": {}
  },
  "/Users/aaronross/code/watchlist/public/build/manifest-350C1F29.js": {
    "path": "/Users/aaronross/code/watchlist/public/build/manifest-350C1F29.js",
    "statementMap": {},
    "fnMap": {},
    "branchMap": {},
    "s": {},
    "f": {},
    "b": {}
  },
  "/Users/aaronross/code/watchlist/public/build/manifest-352D3B3D.js": {
    "path": "/Users/aaronross/code/watchlist/public/build/manifest-352D3B3D.js",
    "statementMap": {},
    "fnMap": {},
    "branchMap": {},
    "s": {},
    "f": {},
    "b": {}
  },
  "/Users/aaronross/code/watchlist/public/build/manifest-35539240.js": {
    "path": "/Users/aaronross/code/watchlist/public/build/manifest-35539240.js",
    "statementMap": {},
    "fnMap": {},
    "branchMap": {},
    "s": {},
    "f": {},
    "b": {}
  },
  "/Users/aaronross/code/watchlist/public/build/manifest-3573F1C7.js": {
    "path": "/Users/aaronross/code/watchlist/public/build/manifest-3573F1C7.js",
    "statementMap": {},
    "fnMap": {},
    "branchMap": {},
    "s": {},
    "f": {},
    "b": {}
  },
  "/Users/aaronross/code/watchlist/public/build/manifest-35A19B3B.js": {
    "path": "/Users/aaronross/code/watchlist/public/build/manifest-35A19B3B.js",
    "statementMap": {},
    "fnMap": {},
    "branchMap": {},
    "s": {},
    "f": {},
    "b": {}
  },
  "/Users/aaronross/code/watchlist/public/build/manifest-35B49C28.js": {
    "path": "/Users/aaronross/code/watchlist/public/build/manifest-35B49C28.js",
    "statementMap": {},
    "fnMap": {},
    "branchMap": {},
    "s": {},
    "f": {},
    "b": {}
  },
  "/Users/aaronross/code/watchlist/public/build/manifest-35EE93DE.js": {
    "path": "/Users/aaronross/code/watchlist/public/build/manifest-35EE93DE.js",
    "statementMap": {},
    "fnMap": {},
    "branchMap": {},
    "s": {},
    "f": {},
    "b": {}
  },
  "/Users/aaronross/code/watchlist/public/build/manifest-363B4CAB.js": {
    "path": "/Users/aaronross/code/watchlist/public/build/manifest-363B4CAB.js",
    "statementMap": {},
    "fnMap": {},
    "branchMap": {},
    "s": {},
    "f": {},
    "b": {}
  },
  "/Users/aaronross/code/watchlist/public/build/manifest-3683A329.js": {
    "path": "/Users/aaronross/code/watchlist/public/build/manifest-3683A329.js",
    "statementMap": {},
    "fnMap": {},
    "branchMap": {},
    "s": {},
    "f": {},
    "b": {}
  },
  "/Users/aaronross/code/watchlist/public/build/manifest-36BF1D7D.js": {
    "path": "/Users/aaronross/code/watchlist/public/build/manifest-36BF1D7D.js",
    "statementMap": {},
    "fnMap": {},
    "branchMap": {},
    "s": {},
    "f": {},
    "b": {}
  },
  "/Users/aaronross/code/watchlist/public/build/manifest-36F5D27D.js": {
    "path": "/Users/aaronross/code/watchlist/public/build/manifest-36F5D27D.js",
    "statementMap": {},
    "fnMap": {},
    "branchMap": {},
    "s": {},
    "f": {},
    "b": {}
  },
  "/Users/aaronross/code/watchlist/public/build/manifest-373286C7.js": {
    "path": "/Users/aaronross/code/watchlist/public/build/manifest-373286C7.js",
    "statementMap": {},
    "fnMap": {},
    "branchMap": {},
    "s": {},
    "f": {},
    "b": {}
  },
  "/Users/aaronross/code/watchlist/public/build/manifest-37ADC631.js": {
    "path": "/Users/aaronross/code/watchlist/public/build/manifest-37ADC631.js",
    "statementMap": {},
    "fnMap": {},
    "branchMap": {},
    "s": {},
    "f": {},
    "b": {}
  },
  "/Users/aaronross/code/watchlist/public/build/manifest-37AF759A.js": {
    "path": "/Users/aaronross/code/watchlist/public/build/manifest-37AF759A.js",
    "statementMap": {},
    "fnMap": {},
    "branchMap": {},
    "s": {},
    "f": {},
    "b": {}
  },
  "/Users/aaronross/code/watchlist/public/build/manifest-37D2B11C.js": {
    "path": "/Users/aaronross/code/watchlist/public/build/manifest-37D2B11C.js",
    "statementMap": {},
    "fnMap": {},
    "branchMap": {},
    "s": {},
    "f": {},
    "b": {}
  },
  "/Users/aaronross/code/watchlist/public/build/manifest-389DA219.js": {
    "path": "/Users/aaronross/code/watchlist/public/build/manifest-389DA219.js",
    "statementMap": {},
    "fnMap": {},
    "branchMap": {},
    "s": {},
    "f": {},
    "b": {}
  },
  "/Users/aaronross/code/watchlist/public/build/manifest-39054925.js": {
    "path": "/Users/aaronross/code/watchlist/public/build/manifest-39054925.js",
    "statementMap": {},
    "fnMap": {},
    "branchMap": {},
    "s": {},
    "f": {},
    "b": {}
  },
  "/Users/aaronross/code/watchlist/public/build/manifest-3909BE97.js": {
    "path": "/Users/aaronross/code/watchlist/public/build/manifest-3909BE97.js",
    "statementMap": {},
    "fnMap": {},
    "branchMap": {},
    "s": {},
    "f": {},
    "b": {}
  },
  "/Users/aaronross/code/watchlist/public/build/manifest-39236040.js": {
    "path": "/Users/aaronross/code/watchlist/public/build/manifest-39236040.js",
    "statementMap": {},
    "fnMap": {},
    "branchMap": {},
    "s": {},
    "f": {},
    "b": {}
  },
  "/Users/aaronross/code/watchlist/public/build/manifest-394DF7A9.js": {
    "path": "/Users/aaronross/code/watchlist/public/build/manifest-394DF7A9.js",
    "statementMap": {},
    "fnMap": {},
    "branchMap": {},
    "s": {},
    "f": {},
    "b": {}
  },
  "/Users/aaronross/code/watchlist/public/build/manifest-3955D315.js": {
    "path": "/Users/aaronross/code/watchlist/public/build/manifest-3955D315.js",
    "statementMap": {},
    "fnMap": {},
    "branchMap": {},
    "s": {},
    "f": {},
    "b": {}
  },
  "/Users/aaronross/code/watchlist/public/build/manifest-39E374AE.js": {
    "path": "/Users/aaronross/code/watchlist/public/build/manifest-39E374AE.js",
    "statementMap": {},
    "fnMap": {},
    "branchMap": {},
    "s": {},
    "f": {},
    "b": {}
  },
  "/Users/aaronross/code/watchlist/public/build/manifest-3A93AF24.js": {
    "path": "/Users/aaronross/code/watchlist/public/build/manifest-3A93AF24.js",
    "statementMap": {},
    "fnMap": {},
    "branchMap": {},
    "s": {},
    "f": {},
    "b": {}
  },
  "/Users/aaronross/code/watchlist/public/build/manifest-3B4CAADE.js": {
    "path": "/Users/aaronross/code/watchlist/public/build/manifest-3B4CAADE.js",
    "statementMap": {},
    "fnMap": {},
    "branchMap": {},
    "s": {},
    "f": {},
    "b": {}
  },
  "/Users/aaronross/code/watchlist/public/build/manifest-3B4EA1A5.js": {
    "path": "/Users/aaronross/code/watchlist/public/build/manifest-3B4EA1A5.js",
    "statementMap": {},
    "fnMap": {},
    "branchMap": {},
    "s": {},
    "f": {},
    "b": {}
  },
  "/Users/aaronross/code/watchlist/public/build/manifest-3B70F3C0.js": {
    "path": "/Users/aaronross/code/watchlist/public/build/manifest-3B70F3C0.js",
    "statementMap": {},
    "fnMap": {},
    "branchMap": {},
    "s": {},
    "f": {},
    "b": {}
  },
  "/Users/aaronross/code/watchlist/public/build/manifest-3B823A5A.js": {
    "path": "/Users/aaronross/code/watchlist/public/build/manifest-3B823A5A.js",
    "statementMap": {},
    "fnMap": {},
    "branchMap": {},
    "s": {},
    "f": {},
    "b": {}
  },
  "/Users/aaronross/code/watchlist/public/build/manifest-3C51FE22.js": {
    "path": "/Users/aaronross/code/watchlist/public/build/manifest-3C51FE22.js",
    "statementMap": {},
    "fnMap": {},
    "branchMap": {},
    "s": {},
    "f": {},
    "b": {}
  },
  "/Users/aaronross/code/watchlist/public/build/manifest-3C52BF5A.js": {
    "path": "/Users/aaronross/code/watchlist/public/build/manifest-3C52BF5A.js",
    "statementMap": {},
    "fnMap": {},
    "branchMap": {},
    "s": {},
    "f": {},
    "b": {}
  },
  "/Users/aaronross/code/watchlist/public/build/manifest-3C9B5B99.js": {
    "path": "/Users/aaronross/code/watchlist/public/build/manifest-3C9B5B99.js",
    "statementMap": {},
    "fnMap": {},
    "branchMap": {},
    "s": {},
    "f": {},
    "b": {}
  },
  "/Users/aaronross/code/watchlist/public/build/manifest-3CC04AD7.js": {
    "path": "/Users/aaronross/code/watchlist/public/build/manifest-3CC04AD7.js",
    "statementMap": {},
    "fnMap": {},
    "branchMap": {},
    "s": {},
    "f": {},
    "b": {}
  },
  "/Users/aaronross/code/watchlist/public/build/manifest-3CD03B4D.js": {
    "path": "/Users/aaronross/code/watchlist/public/build/manifest-3CD03B4D.js",
    "statementMap": {},
    "fnMap": {},
    "branchMap": {},
    "s": {},
    "f": {},
    "b": {}
  },
  "/Users/aaronross/code/watchlist/public/build/manifest-3CD2F979.js": {
    "path": "/Users/aaronross/code/watchlist/public/build/manifest-3CD2F979.js",
    "statementMap": {},
    "fnMap": {},
    "branchMap": {},
    "s": {},
    "f": {},
    "b": {}
  },
  "/Users/aaronross/code/watchlist/public/build/manifest-3D0E53F7.js": {
    "path": "/Users/aaronross/code/watchlist/public/build/manifest-3D0E53F7.js",
    "statementMap": {},
    "fnMap": {},
    "branchMap": {},
    "s": {},
    "f": {},
    "b": {}
  },
  "/Users/aaronross/code/watchlist/public/build/manifest-3D3BF0E6.js": {
    "path": "/Users/aaronross/code/watchlist/public/build/manifest-3D3BF0E6.js",
    "statementMap": {},
    "fnMap": {},
    "branchMap": {},
    "s": {},
    "f": {},
    "b": {}
  },
  "/Users/aaronross/code/watchlist/public/build/manifest-3DE774F9.js": {
    "path": "/Users/aaronross/code/watchlist/public/build/manifest-3DE774F9.js",
    "statementMap": {},
    "fnMap": {},
    "branchMap": {},
    "s": {},
    "f": {},
    "b": {}
  },
  "/Users/aaronross/code/watchlist/public/build/manifest-3DF91034.js": {
    "path": "/Users/aaronross/code/watchlist/public/build/manifest-3DF91034.js",
    "statementMap": {},
    "fnMap": {},
    "branchMap": {},
    "s": {},
    "f": {},
    "b": {}
  },
  "/Users/aaronross/code/watchlist/public/build/manifest-3DFB817E.js": {
    "path": "/Users/aaronross/code/watchlist/public/build/manifest-3DFB817E.js",
    "statementMap": {},
    "fnMap": {},
    "branchMap": {},
    "s": {},
    "f": {},
    "b": {}
  },
  "/Users/aaronross/code/watchlist/public/build/manifest-3E20D966.js": {
    "path": "/Users/aaronross/code/watchlist/public/build/manifest-3E20D966.js",
    "statementMap": {},
    "fnMap": {},
    "branchMap": {},
    "s": {},
    "f": {},
    "b": {}
  },
  "/Users/aaronross/code/watchlist/public/build/manifest-3E325B25.js": {
    "path": "/Users/aaronross/code/watchlist/public/build/manifest-3E325B25.js",
    "statementMap": {},
    "fnMap": {},
    "branchMap": {},
    "s": {},
    "f": {},
    "b": {}
  },
  "/Users/aaronross/code/watchlist/public/build/manifest-3E7D2C9C.js": {
    "path": "/Users/aaronross/code/watchlist/public/build/manifest-3E7D2C9C.js",
    "statementMap": {},
    "fnMap": {},
    "branchMap": {},
    "s": {},
    "f": {},
    "b": {}
  },
  "/Users/aaronross/code/watchlist/public/build/manifest-3F33A10F.js": {
    "path": "/Users/aaronross/code/watchlist/public/build/manifest-3F33A10F.js",
    "statementMap": {},
    "fnMap": {},
    "branchMap": {},
    "s": {},
    "f": {},
    "b": {}
  },
  "/Users/aaronross/code/watchlist/public/build/manifest-3F5ED357.js": {
    "path": "/Users/aaronross/code/watchlist/public/build/manifest-3F5ED357.js",
    "statementMap": {},
    "fnMap": {},
    "branchMap": {},
    "s": {},
    "f": {},
    "b": {}
  },
  "/Users/aaronross/code/watchlist/public/build/manifest-3F764DEF.js": {
    "path": "/Users/aaronross/code/watchlist/public/build/manifest-3F764DEF.js",
    "statementMap": {},
    "fnMap": {},
    "branchMap": {},
    "s": {},
    "f": {},
    "b": {}
  },
  "/Users/aaronross/code/watchlist/public/build/manifest-3F9913AD.js": {
    "path": "/Users/aaronross/code/watchlist/public/build/manifest-3F9913AD.js",
    "statementMap": {},
    "fnMap": {},
    "branchMap": {},
    "s": {},
    "f": {},
    "b": {}
  },
  "/Users/aaronross/code/watchlist/public/build/manifest-3FB38109.js": {
    "path": "/Users/aaronross/code/watchlist/public/build/manifest-3FB38109.js",
    "statementMap": {},
    "fnMap": {},
    "branchMap": {},
    "s": {},
    "f": {},
    "b": {}
  },
  "/Users/aaronross/code/watchlist/public/build/manifest-40290D19.js": {
    "path": "/Users/aaronross/code/watchlist/public/build/manifest-40290D19.js",
    "statementMap": {},
    "fnMap": {},
    "branchMap": {},
    "s": {},
    "f": {},
    "b": {}
  },
  "/Users/aaronross/code/watchlist/public/build/manifest-4078C4D8.js": {
    "path": "/Users/aaronross/code/watchlist/public/build/manifest-4078C4D8.js",
    "statementMap": {},
    "fnMap": {},
    "branchMap": {},
    "s": {},
    "f": {},
    "b": {}
  },
  "/Users/aaronross/code/watchlist/public/build/manifest-40C4B91C.js": {
    "path": "/Users/aaronross/code/watchlist/public/build/manifest-40C4B91C.js",
    "statementMap": {},
    "fnMap": {},
    "branchMap": {},
    "s": {},
    "f": {},
    "b": {}
  },
  "/Users/aaronross/code/watchlist/public/build/manifest-411BD1F6.js": {
    "path": "/Users/aaronross/code/watchlist/public/build/manifest-411BD1F6.js",
    "statementMap": {},
    "fnMap": {},
    "branchMap": {},
    "s": {},
    "f": {},
    "b": {}
  },
  "/Users/aaronross/code/watchlist/public/build/manifest-4154BF30.js": {
[...]
    "path": "/Users/aaronross/code/watchlist/public/build/routes/lists/index-RPFZOC7H.js",
    "statementMap": {},
    "fnMap": {},
    "branchMap": {},
    "s": {},
    "f": {},
    "b": {}
  },
  "/Users/aaronross/code/watchlist/public/build/routes/lists/index-SAA4KK22.js": {
    "path": "/Users/aaronross/code/watchlist/public/build/routes/lists/index-SAA4KK22.js",
    "statementMap": {},
    "fnMap": {},
    "branchMap": {},
    "s": {},
    "f": {},
    "b": {}
  },
  "/Users/aaronross/code/watchlist/public/build/routes/lists/index-SQDYMY4W.js": {
    "path": "/Users/aaronross/code/watchlist/public/build/routes/lists/index-SQDYMY4W.js",
    "statementMap": {},
    "fnMap": {},
    "branchMap": {},
    "s": {},
    "f": {},
    "b": {}
  },
  "/Users/aaronross/code/watchlist/public/build/routes/lists/index-TJGAPL3T.js": {
    "path": "/Users/aaronross/code/watchlist/public/build/routes/lists/index-TJGAPL3T.js",
    "statementMap": {},
    "fnMap": {},
    "branchMap": {},
    "s": {},
    "f": {},
    "b": {}
  },
  "/Users/aaronross/code/watchlist/public/build/routes/lists/index-TYDSJX6N.js": {
    "path": "/Users/aaronross/code/watchlist/public/build/routes/lists/index-TYDSJX6N.js",
    "statementMap": {},
    "fnMap": {},
    "branchMap": {},
    "s": {},
    "f": {},
    "b": {}
  },
  "/Users/aaronross/code/watchlist/public/build/routes/lists/index-UCOKA5VB.js": {
    "path": "/Users/aaronross/code/watchlist/public/build/routes/lists/index-UCOKA5VB.js",
    "statementMap": {},
    "fnMap": {},
    "branchMap": {},
    "s": {},
    "f": {},
    "b": {}
  },
  "/Users/aaronross/code/watchlist/public/build/routes/lists/index-UNVNTRYM.js": {
    "path": "/Users/aaronross/code/watchlist/public/build/routes/lists/index-UNVNTRYM.js",
    "statementMap": {},
    "fnMap": {},
    "branchMap": {},
    "s": {},
    "f": {},
    "b": {}
  },
  "/Users/aaronross/code/watchlist/public/build/routes/lists/index-URMNX5XP.js": {
    "path": "/Users/aaronross/code/watchlist/public/build/routes/lists/index-URMNX5XP.js",
    "statementMap": {},
    "fnMap": {},
    "branchMap": {},
    "s": {},
    "f": {},
    "b": {}
  },
  "/Users/aaronross/code/watchlist/public/build/routes/lists/index-V52YRRKK.js": {
    "path": "/Users/aaronross/code/watchlist/public/build/routes/lists/index-V52YRRKK.js",
    "statementMap": {},
    "fnMap": {},
    "branchMap": {},
    "s": {},
    "f": {},
    "b": {}
  },
  "/Users/aaronross/code/watchlist/public/build/routes/lists/index-VIGSSZFM.js": {
    "path": "/Users/aaronross/code/watchlist/public/build/routes/lists/index-VIGSSZFM.js",
    "statementMap": {},
    "fnMap": {},
    "branchMap": {},
    "s": {},
    "f": {},
    "b": {}
  },
  "/Users/aaronross/code/watchlist/public/build/routes/lists/index-W2LL5E5R.js": {
    "path": "/Users/aaronross/code/watchlist/public/build/routes/lists/index-W2LL5E5R.js",
    "statementMap": {},
    "fnMap": {},
    "branchMap": {},
    "s": {},
    "f": {},
    "b": {}
  },
  "/Users/aaronross/code/watchlist/public/build/routes/lists/index-WF7SMP5Q.js": {
    "path": "/Users/aaronross/code/watchlist/public/build/routes/lists/index-WF7SMP5Q.js",
    "statementMap": {},
    "fnMap": {},
    "branchMap": {},
    "s": {},
    "f": {},
    "b": {}
  },
  "/Users/aaronross/code/watchlist/public/build/routes/lists/index-X6EQXDQE.js": {
    "path": "/Users/aaronross/code/watchlist/public/build/routes/lists/index-X6EQXDQE.js",
    "statementMap": {},
    "fnMap": {},
    "branchMap": {},
    "s": {},
    "f": {},
    "b": {}
  },
  "/Users/aaronross/code/watchlist/public/build/routes/lists/index-Y4EPK3CQ.js": {
    "path": "/Users/aaronross/code/watchlist/public/build/routes/lists/index-Y4EPK3CQ.js",
    "statementMap": {},
    "fnMap": {},
    "branchMap": {},
    "s": {},
    "f": {},
    "b": {}
  },
  "/Users/aaronross/code/watchlist/public/build/routes/lists/index-YNVDCYVI.js": {
    "path": "/Users/aaronross/code/watchlist/public/build/routes/lists/index-YNVDCYVI.js",
    "statementMap": {},
    "fnMap": {},
    "branchMap": {},
    "s": {},
    "f": {},
    "b": {}
  },
  "/Users/aaronross/code/watchlist/public/build/routes/notes/$noteId-3G6CAMAQ.js": {
    "path": "/Users/aaronross/code/watchlist/public/build/routes/notes/$noteId-3G6CAMAQ.js",
    "statementMap": {},
    "fnMap": {},
    "branchMap": {},
    "s": {},
    "f": {},
    "b": {}
  },
  "/Users/aaronross/code/watchlist/public/build/routes/notes/$noteId-3JXWOB3R.js": {
    "path": "/Users/aaronross/code/watchlist/public/build/routes/notes/$noteId-3JXWOB3R.js",
    "statementMap": {},
    "fnMap": {},
    "branchMap": {},
    "s": {},
    "f": {},
    "b": {}
  },
  "/Users/aaronross/code/watchlist/public/build/routes/notes/$noteId-4OINT7QQ.js": {
    "path": "/Users/aaronross/code/watchlist/public/build/routes/notes/$noteId-4OINT7QQ.js",
    "statementMap": {},
    "fnMap": {},
    "branchMap": {},
    "s": {},
    "f": {},
    "b": {}
  },
  "/Users/aaronross/code/watchlist/public/build/routes/notes/$noteId-5CGHBUWY.js": {
    "path": "/Users/aaronross/code/watchlist/public/build/routes/notes/$noteId-5CGHBUWY.js",
    "statementMap": {},
    "fnMap": {},
    "branchMap": {},
    "s": {},
    "f": {},
    "b": {}
  },
  "/Users/aaronross/code/watchlist/public/build/routes/notes/$noteId-BQX7WX7A.js": {
    "path": "/Users/aaronross/code/watchlist/public/build/routes/notes/$noteId-BQX7WX7A.js",
    "statementMap": {},
    "fnMap": {},
    "branchMap": {},
    "s": {},
    "f": {},
    "b": {}
  },
  "/Users/aaronross/code/watchlist/public/build/routes/notes/$noteId-NL4AVJAZ.js": {
    "path": "/Users/aaronross/code/watchlist/public/build/routes/notes/$noteId-NL4AVJAZ.js",
    "statementMap": {},
    "fnMap": {},
    "branchMap": {},
    "s": {},
    "f": {},
    "b": {}
  },
  "/Users/aaronross/code/watchlist/public/build/routes/notes/$noteId-QQUPYGQS.js": {
    "path": "/Users/aaronross/code/watchlist/public/build/routes/notes/$noteId-QQUPYGQS.js",
    "statementMap": {},
    "fnMap": {},
    "branchMap": {},
    "s": {},
    "f": {},
    "b": {}
  },
  "/Users/aaronross/code/watchlist/public/build/routes/notes/$noteId-TS7AMX43.js": {
    "path": "/Users/aaronross/code/watchlist/public/build/routes/notes/$noteId-TS7AMX43.js",
    "statementMap": {},
    "fnMap": {},
    "branchMap": {},
    "s": {},
    "f": {},
    "b": {}
  },
  "/Users/aaronross/code/watchlist/public/build/routes/notes/$noteId-V7SZQL3R.js": {
    "path": "/Users/aaronross/code/watchlist/public/build/routes/notes/$noteId-V7SZQL3R.js",
    "statementMap": {},
    "fnMap": {},
    "branchMap": {},
    "s": {},
    "f": {},
    "b": {}
  },
  "/Users/aaronross/code/watchlist/public/build/routes/notes/$noteId-ZTH7CPP5.js": {
    "path": "/Users/aaronross/code/watchlist/public/build/routes/notes/$noteId-ZTH7CPP5.js",
    "statementMap": {},
    "fnMap": {},
    "branchMap": {},
    "s": {},
    "f": {},
    "b": {}
  },
  "/Users/aaronross/code/watchlist/public/build/routes/notes/index-36RO2LVH.js": {
    "path": "/Users/aaronross/code/watchlist/public/build/routes/notes/index-36RO2LVH.js",
    "statementMap": {},
    "fnMap": {},
    "branchMap": {},
    "s": {},
    "f": {},
    "b": {}
  },
  "/Users/aaronross/code/watchlist/public/build/routes/notes/index-3JE22Q7Q.js": {
    "path": "/Users/aaronross/code/watchlist/public/build/routes/notes/index-3JE22Q7Q.js",
    "statementMap": {},
    "fnMap": {},
    "branchMap": {},
    "s": {},
    "f": {},
    "b": {}
  },
  "/Users/aaronross/code/watchlist/public/build/routes/notes/index-FZRF3CUC.js": {
    "path": "/Users/aaronross/code/watchlist/public/build/routes/notes/index-FZRF3CUC.js",
    "statementMap": {},
    "fnMap": {},
    "branchMap": {},
    "s": {},
    "f": {},
    "b": {}
  },
  "/Users/aaronross/code/watchlist/public/build/routes/notes/index-IH5GWVFP.js": {
    "path": "/Users/aaronross/code/watchlist/public/build/routes/notes/index-IH5GWVFP.js",
    "statementMap": {},
    "fnMap": {},
    "branchMap": {},
    "s": {},
    "f": {},
    "b": {}
  },
  "/Users/aaronross/code/watchlist/public/build/routes/notes/index-LX5QLJWY.js": {
    "path": "/Users/aaronross/code/watchlist/public/build/routes/notes/index-LX5QLJWY.js",
    "statementMap": {},
    "fnMap": {},
    "branchMap": {},
    "s": {},
    "f": {},
    "b": {}
  },
  "/Users/aaronross/code/watchlist/public/build/routes/notes/index-OR4DTSJU.js": {
    "path": "/Users/aaronross/code/watchlist/public/build/routes/notes/index-OR4DTSJU.js",
    "statementMap": {},
    "fnMap": {},
    "branchMap": {},
    "s": {},
    "f": {},
    "b": {}
  },
  "/Users/aaronross/code/watchlist/public/build/routes/notes/index-PF43ZNYI.js": {
    "path": "/Users/aaronross/code/watchlist/public/build/routes/notes/index-PF43ZNYI.js",
    "statementMap": {},
    "fnMap": {},
    "branchMap": {},
    "s": {},
    "f": {},
    "b": {}
  },
  "/Users/aaronross/code/watchlist/public/build/routes/notes/index-SCQZPRLZ.js": {
    "path": "/Users/aaronross/code/watchlist/public/build/routes/notes/index-SCQZPRLZ.js",
    "statementMap": {},
    "fnMap": {},
    "branchMap": {},
    "s": {},
    "f": {},
    "b": {}
  },
  "/Users/aaronross/code/watchlist/public/build/routes/notes/index-SJNE36RZ.js": {
    "path": "/Users/aaronross/code/watchlist/public/build/routes/notes/index-SJNE36RZ.js",
    "statementMap": {},
    "fnMap": {},
    "branchMap": {},
    "s": {},
    "f": {},
    "b": {}
  },
  "/Users/aaronross/code/watchlist/public/build/routes/notes/new-2YCAM5UM.js": {
    "path": "/Users/aaronross/code/watchlist/public/build/routes/notes/new-2YCAM5UM.js",
    "statementMap": {},
    "fnMap": {},
    "branchMap": {},
    "s": {},
    "f": {},
    "b": {}
  },
  "/Users/aaronross/code/watchlist/public/build/routes/notes/new-3DU5NT2H.js": {
    "path": "/Users/aaronross/code/watchlist/public/build/routes/notes/new-3DU5NT2H.js",
    "statementMap": {},
    "fnMap": {},
    "branchMap": {},
    "s": {},
    "f": {},
    "b": {}
  },
  "/Users/aaronross/code/watchlist/public/build/routes/notes/new-3NFGPUQL.js": {
    "path": "/Users/aaronross/code/watchlist/public/build/routes/notes/new-3NFGPUQL.js",
    "statementMap": {},
    "fnMap": {},
    "branchMap": {},
    "s": {},
    "f": {},
    "b": {}
  },
  "/Users/aaronross/code/watchlist/public/build/routes/notes/new-AMTB7UO2.js": {
    "path": "/Users/aaronross/code/watchlist/public/build/routes/notes/new-AMTB7UO2.js",
    "statementMap": {},
    "fnMap": {},
    "branchMap": {},
    "s": {},
    "f": {},
    "b": {}
  },
  "/Users/aaronross/code/watchlist/public/build/routes/notes/new-GEH2YSUH.js": {
    "path": "/Users/aaronross/code/watchlist/public/build/routes/notes/new-GEH2YSUH.js",
    "statementMap": {},
    "fnMap": {},
    "branchMap": {},
    "s": {},
    "f": {},
    "b": {}
  },
  "/Users/aaronross/code/watchlist/public/build/routes/notes/new-IQNSN4Z4.js": {
    "path": "/Users/aaronross/code/watchlist/public/build/routes/notes/new-IQNSN4Z4.js",
    "statementMap": {},
    "fnMap": {},
    "branchMap": {},
    "s": {},
    "f": {},
    "b": {}
  },
  "/Users/aaronross/code/watchlist/public/build/routes/notes/new-O6GMU4PA.js": {
    "path": "/Users/aaronross/code/watchlist/public/build/routes/notes/new-O6GMU4PA.js",
    "statementMap": {},
    "fnMap": {},
    "branchMap": {},
    "s": {},
    "f": {},
    "b": {}
  },
  "/Users/aaronross/code/watchlist/public/build/routes/notes/new-QE57RQSI.js": {
    "path": "/Users/aaronross/code/watchlist/public/build/routes/notes/new-QE57RQSI.js",
    "statementMap": {},
    "fnMap": {},
    "branchMap": {},
    "s": {},
    "f": {},
    "b": {}
  },
  "/Users/aaronross/code/watchlist/public/build/routes/notes/new-QTYGTZ7Q.js": {
    "path": "/Users/aaronross/code/watchlist/public/build/routes/notes/new-QTYGTZ7Q.js",
    "statementMap": {},
    "fnMap": {},
    "branchMap": {},
    "s": {},
    "f": {},
    "b": {}
  },
  "/Users/aaronross/code/watchlist/public/build/routes/notes/new-ZNCINMCO.js": {
    "path": "/Users/aaronross/code/watchlist/public/build/routes/notes/new-ZNCINMCO.js",
    "statementMap": {},
    "fnMap": {},
    "branchMap": {},
    "s": {},
    "f": {},
    "b": {}
  },
  "/Users/aaronross/code/watchlist/remix.env.d.ts": {
    "path": "/Users/aaronross/code/watchlist/remix.env.d.ts",
    "statementMap": {},
    "fnMap": {},
    "branchMap": {},
    "s": {},
    "f": {},
    "b": {}
  },
  "/Users/aaronross/code/watchlist/vitest.config.ts": {
    "path": "/Users/aaronross/code/watchlist/vitest.config.ts",
    "statementMap": {},
    "fnMap": {},
    "branchMap": {},
    "s": {},
    "f": {},
    "b": {}
  },
  "/Users/aaronross/code/watchlist/app/db.server.ts": {
    "path": "/Users/aaronross/code/watchlist/app/db.server.ts",
    "statementMap": {},
    "fnMap": {},
    "branchMap": {},
    "s": {},
    "f": {},
    "b": {}
  },
  "/Users/aaronross/code/watchlist/app/response-helpers.ts": {
    "path": "/Users/aaronross/code/watchlist/app/response-helpers.ts",
    "statementMap": {},
    "fnMap": {},
    "branchMap": {},
    "s": {},
    "f": {},
    "b": {}
  },
  "/Users/aaronross/code/watchlist/app/session.server.ts": {
    "path": "/Users/aaronross/code/watchlist/app/session.server.ts",
    "statementMap": {},
    "fnMap": {},
    "branchMap": {},
    "s": {},
    "f": {},
    "b": {}
  },
  "/Users/aaronross/code/watchlist/app/utils.test.ts": {
    "path": "/Users/aaronross/code/watchlist/app/utils.test.ts",
    "statementMap": {},
    "fnMap": {},
    "branchMap": {},
    "s": {},
    "f": {},
    "b": {}
  },
  "/Users/aaronross/code/watchlist/app/utils.ts": {
    "path": "/Users/aaronross/code/watchlist/app/utils.ts",
    "statementMap": {},
    "fnMap": {},
    "branchMap": {},
    "s": {},
    "f": {},
    "b": {}
  },
  "/Users/aaronross/code/watchlist/mocks/start.ts": {
    "path": "/Users/aaronross/code/watchlist/mocks/start.ts",
    "statementMap": {},
    "fnMap": {},
    "branchMap": {},
    "s": {},
    "f": {},
    "b": {}
  },
  "/Users/aaronross/code/watchlist/prisma/seed.ts": {
    "path": "/Users/aaronross/code/watchlist/prisma/seed.ts",
    "statementMap": {},
    "fnMap": {},
    "branchMap": {},
    "s": {},
    "f": {},
    "b": {}
  },
  "/Users/aaronross/code/watchlist/test/setup-test-env.ts": {
    "path": "/Users/aaronross/code/watchlist/test/setup-test-env.ts",
    "statementMap": {},
    "fnMap": {},
    "branchMap": {},
    "s": {},
    "f": {},
    "b": {}
  },
  "/Users/aaronross/code/watchlist/app/models/list.server.ts": {
    "path": "/Users/aaronross/code/watchlist/app/models/list.server.ts",
    "statementMap": {},
    "fnMap": {},
    "branchMap": {},
    "s": {},
    "f": {},
    "b": {}
  },
  "/Users/aaronross/code/watchlist/app/models/user.server.ts": {
    "path": "/Users/aaronross/code/watchlist/app/models/user.server.ts",
    "statementMap": {},
    "fnMap": {},
    "branchMap": {},
    "s": {},
    "f": {},
    "b": {}
  },
  "/Users/aaronross/code/watchlist/app/services/moviedb.server.ts": {
    "path": "/Users/aaronross/code/watchlist/app/services/moviedb.server.ts",
    "statementMap": {},
    "fnMap": {},
    "branchMap": {},
    "s": {},
    "f": {},
    "b": {}
  },
  "/Users/aaronross/code/watchlist/cypress/e2e/smoke.ts": {
    "path": "/Users/aaronross/code/watchlist/cypress/e2e/smoke.ts",
    "statementMap": {},
    "fnMap": {},
    "branchMap": {},
    "s": {},
    "f": {},
    "b": {}
  },
  "/Users/aaronross/code/watchlist/cypress/plugins/index.ts": {
    "path": "/Users/aaronross/code/watchlist/cypress/plugins/index.ts",
    "statementMap": {},
    "fnMap": {},
    "branchMap": {},
    "s": {},
    "f": {},
    "b": {}
  },
  "/Users/aaronross/code/watchlist/cypress/support/commands.ts": {
    "path": "/Users/aaronross/code/watchlist/cypress/support/commands.ts",
    "statementMap": {},
    "fnMap": {},
    "branchMap": {},
    "s": {},
    "f": {},
    "b": {}
  },
  "/Users/aaronross/code/watchlist/cypress/support/create-user.ts": {
    "path": "/Users/aaronross/code/watchlist/cypress/support/create-user.ts",
    "statementMap": {},
    "fnMap": {},
    "branchMap": {},
    "s": {},
    "f": {},
    "b": {}
  },
  "/Users/aaronross/code/watchlist/cypress/support/delete-user.ts": {
    "path": "/Users/aaronross/code/watchlist/cypress/support/delete-user.ts",
    "statementMap": {},
    "fnMap": {},
    "branchMap": {},
    "s": {},
    "f": {},
    "b": {}
  },
  "/Users/aaronross/code/watchlist/cypress/support/index.ts": {
    "path": "/Users/aaronross/code/watchlist/cypress/support/index.ts",
    "statementMap": {},
    "fnMap": {},
    "branchMap": {},
    "s": {},
    "f": {},
    "b": {}
  },
  "/Users/aaronross/code/watchlist/app/entry.client.tsx": {
    "path": "/Users/aaronross/code/watchlist/app/entry.client.tsx",
    "statementMap": {},
    "fnMap": {},
    "branchMap": {},
    "s": {},
    "f": {},
    "b": {}
  },
  "/Users/aaronross/code/watchlist/app/entry.server.tsx": {
    "path": "/Users/aaronross/code/watchlist/app/entry.server.tsx",
    "statementMap": {},
    "fnMap": {},
    "branchMap": {},
    "s": {},
    "f": {},
    "b": {}
  },
  "/Users/aaronross/code/watchlist/app/root.tsx": {
    "path": "/Users/aaronross/code/watchlist/app/root.tsx",
    "statementMap": {},
    "fnMap": {},
    "branchMap": {},
    "s": {},
    "f": {},
    "b": {}
  },
  "/Users/aaronross/code/watchlist/app/routes/healthcheck.tsx": {
    "path": "/Users/aaronross/code/watchlist/app/routes/healthcheck.tsx",
    "statementMap": {},
    "fnMap": {},
    "branchMap": {},
    "s": {},
    "f": {},
    "b": {}
  },
  "/Users/aaronross/code/watchlist/app/routes/index.tsx": {
    "path": "/Users/aaronross/code/watchlist/app/routes/index.tsx",
    "statementMap": {},
    "fnMap": {},
    "branchMap": {},
    "s": {},
    "f": {},
    "b": {}
  },
  "/Users/aaronross/code/watchlist/app/routes/join.tsx": {
    "path": "/Users/aaronross/code/watchlist/app/routes/join.tsx",
    "statementMap": {},
    "fnMap": {},
    "branchMap": {},
    "s": {},
    "f": {},
    "b": {}
  },
  "/Users/aaronross/code/watchlist/app/routes/lists.tsx": {
    "path": "/Users/aaronross/code/watchlist/app/routes/lists.tsx",
    "statementMap": {},
    "fnMap": {},
    "branchMap": {},
    "s": {},
    "f": {},
    "b": {}
  },
  "/Users/aaronross/code/watchlist/app/routes/login.tsx": {
    "path": "/Users/aaronross/code/watchlist/app/routes/login.tsx",
    "statementMap": {},
    "fnMap": {},
    "branchMap": {},
    "s": {},
    "f": {},
    "b": {}
  },
  "/Users/aaronross/code/watchlist/app/routes/logout.tsx": {
    "path": "/Users/aaronross/code/watchlist/app/routes/logout.tsx",
    "statementMap": {},
    "fnMap": {},
    "branchMap": {},
    "s": {},
    "f": {},
    "b": {}
  },
  "/Users/aaronross/code/watchlist/app/routes/multi-search.tsx": {
    "path": "/Users/aaronross/code/watchlist/app/routes/multi-search.tsx",
    "statementMap": {},
    "fnMap": {},
    "branchMap": {},
    "s": {},
    "f": {},
    "b": {}
  },
  "/Users/aaronross/code/watchlist/app/routes/profile.tsx": {
    "path": "/Users/aaronross/code/watchlist/app/routes/profile.tsx",
    "statementMap": {},
    "fnMap": {},
    "branchMap": {},
    "s": {},
    "f": {},
    "b": {}
  },
  "/Users/aaronross/code/watchlist/app/routes/lists/$slug.tsx": {
    "path": "/Users/aaronross/code/watchlist/app/routes/lists/$slug.tsx",
    "statementMap": {},
    "fnMap": {},
    "branchMap": {},
    "s": {},
    "f": {},
    "b": {}
  },
  "/Users/aaronross/code/watchlist/app/routes/lists/create.tsx": {
    "path": "/Users/aaronross/code/watchlist/app/routes/lists/create.tsx",
    "statementMap": {},
    "fnMap": {},
    "branchMap": {},
    "s": {},
    "f": {},
    "b": {}
  },
  "/Users/aaronross/code/watchlist/app/routes/lists/index.tsx": {
    "path": "/Users/aaronross/code/watchlist/app/routes/lists/index.tsx",
    "statementMap": {},
    "fnMap": {},
    "branchMap": {},
    "s": {},
    "f": {},
    "b": {}
  }
}
